{"/Users/kore/Documents/Code/Projects/iter-ecosystem-enginy/apps/mobile/App.js": {"path":"/Users/kore/Documents/Code/Projects/iter-ecosystem-enginy/apps/mobile/App.js","statementMap":{},"fnMap":{},"branchMap":{},"s":{},"f":{},"b":{}}
,"/Users/kore/Documents/Code/Projects/iter-ecosystem-enginy/apps/mobile/app.config.js": {"path":"/Users/kore/Documents/Code/Projects/iter-ecosystem-enginy/apps/mobile/app.config.js","statementMap":{"0":{"start":{"line":1,"column":0},"end":{"line":9,"column":2}},"1":{"start":{"line":2,"column":2},"end":{"line":8,"column":4}}},"fnMap":{"0":{"name":"(anonymous_0)","decl":{"start":{"line":1,"column":17},"end":{"line":1,"column":18}},"loc":{"start":{"line":1,"column":33},"end":{"line":9,"column":1}},"line":1}},"branchMap":{"0":{"loc":{"start":{"line":6,"column":14},"end":{"line":6,"column":74}},"type":"binary-expr","locations":[{"start":{"line":6,"column":14},"end":{"line":6,"column":45}},{"start":{"line":6,"column":49},"end":{"line":6,"column":74}}],"line":6}},"s":{"0":0,"1":0},"f":{"0":0},"b":{"0":[0,0]}}
,"/Users/kore/Documents/Code/Projects/iter-ecosystem-enginy/apps/mobile/eslint.config.js": {"path":"/Users/kore/Documents/Code/Projects/iter-ecosystem-enginy/apps/mobile/eslint.config.js","statementMap":{"0":{"start":{"line":2,"column":25},"end":{"line":2,"column":49}},"1":{"start":{"line":3,"column":19},"end":{"line":3,"column":53}},"2":{"start":{"line":5,"column":0},"end":{"line":10,"column":3}}},"fnMap":{},"branchMap":{},"s":{"0":0,"1":0,"2":0},"f":{},"b":{}}
,"/Users/kore/Documents/Code/Projects/iter-ecosystem-enginy/apps/mobile/i18n.ts": {"path":"/Users/kore/Documents/Code/Projects/iter-ecosystem-enginy/apps/mobile/i18n.ts","statementMap":{"0":{"start":{"line":9,"column":21},"end":{"line":9,"column":36}},"1":{"start":{"line":11,"column":27},"end":{"line":29,"column":1}},"2":{"start":{"line":12,"column":2},"end":{"line":28,"column":3}},"3":{"start":{"line":13,"column":24},"end":{"line":13,"column":28}},"4":{"start":{"line":14,"column":4},"end":{"line":18,"column":5}},"5":{"start":{"line":15,"column":6},"end":{"line":15,"column":57}},"6":{"start":{"line":17,"column":6},"end":{"line":17,"column":67}},"7":{"start":{"line":20,"column":4},"end":{"line":20,"column":44}},"8":{"start":{"line":20,"column":23},"end":{"line":20,"column":44}},"9":{"start":{"line":23,"column":20},"end":{"line":23,"column":45}},"10":{"start":{"line":24,"column":4},"end":{"line":24,"column":44}},"11":{"start":{"line":26,"column":4},"end":{"line":26,"column":61}},"12":{"start":{"line":27,"column":4},"end":{"line":27,"column":16}},"13":{"start":{"line":32,"column":0},"end":{"line":44,"column":5}},"14":{"start":{"line":47,"column":0},"end":{"line":49,"column":3}},"15":{"start":{"line":48,"column":2},"end":{"line":48,"column":28}}},"fnMap":{"0":{"name":"(anonymous_0)","decl":{"start":{"line":11,"column":27},"end":{"line":11,"column":28}},"loc":{"start":{"line":11,"column":39},"end":{"line":29,"column":1}},"line":11},"1":{"name":"(anonymous_1)","decl":{"start":{"line":47,"column":26},"end":{"line":47,"column":27}},"loc":{"start":{"line":47,"column":36},"end":{"line":49,"column":1}},"line":47}},"branchMap":{"0":{"loc":{"start":{"line":14,"column":4},"end":{"line":18,"column":5}},"type":"if","locations":[{"start":{"line":14,"column":4},"end":{"line":18,"column":5}},{"start":{"line":16,"column":11},"end":{"line":18,"column":5}}],"line":14},"1":{"loc":{"start":{"line":20,"column":4},"end":{"line":20,"column":44}},"type":"if","locations":[{"start":{"line":20,"column":4},"end":{"line":20,"column":44}},{"start":{},"end":{}}],"line":20},"2":{"loc":{"start":{"line":24,"column":11},"end":{"line":24,"column":43}},"type":"binary-expr","locations":[{"start":{"line":24,"column":11},"end":{"line":24,"column":35}},{"start":{"line":24,"column":39},"end":{"line":24,"column":43}}],"line":24}},"s":{"0":0,"1":0,"2":0,"3":0,"4":0,"5":0,"6":0,"7":0,"8":0,"9":0,"10":0,"11":0,"12":0,"13":0,"14":0,"15":0},"f":{"0":0,"1":0},"b":{"0":[0,0],"1":[0,0],"2":[0,0]}}
,"/Users/kore/Documents/Code/Projects/iter-ecosystem-enginy/apps/mobile/jest.config.js": {"path":"/Users/kore/Documents/Code/Projects/iter-ecosystem-enginy/apps/mobile/jest.config.js","statementMap":{"0":{"start":{"line":1,"column":13},"end":{"line":1,"column":28}},"1":{"start":{"line":3,"column":0},"end":{"line":23,"column":2}}},"fnMap":{},"branchMap":{},"s":{"0":0,"1":0},"f":{},"b":{}}
,"/Users/kore/Documents/Code/Projects/iter-ecosystem-enginy/apps/mobile/metro.config.js": {"path":"/Users/kore/Documents/Code/Projects/iter-ecosystem-enginy/apps/mobile/metro.config.js","statementMap":{"0":{"start":{"line":1,"column":29},"end":{"line":1,"column":57}},"1":{"start":{"line":2,"column":27},"end":{"line":2,"column":54}},"2":{"start":{"line":3,"column":13},"end":{"line":3,"column":28}},"3":{"start":{"line":6,"column":20},"end":{"line":6,"column":29}},"4":{"start":{"line":7,"column":22},"end":{"line":7,"column":56}},"5":{"start":{"line":9,"column":15},"end":{"line":9,"column":44}},"6":{"start":{"line":12,"column":0},"end":{"line":12,"column":38}},"7":{"start":{"line":15,"column":0},"end":{"line":18,"column":2}},"8":{"start":{"line":21,"column":0},"end":{"line":26,"column":2}},"9":{"start":{"line":29,"column":22},"end":{"line":39,"column":4}},"10":{"start":{"line":30,"column":2},"end":{"line":38,"column":3}},"11":{"start":{"line":31,"column":4},"end":{"line":31,"column":62}},"12":{"start":{"line":33,"column":4},"end":{"line":37,"column":5}},"13":{"start":{"line":34,"column":6},"end":{"line":34,"column":60}},"14":{"start":{"line":36,"column":6},"end":{"line":36,"column":25}},"15":{"start":{"line":36,"column":19},"end":{"line":36,"column":24}},"16":{"start":{"line":42,"column":18},"end":{"line":45,"column":2}},"17":{"start":{"line":47,"column":0},"end":{"line":47,"column":38}},"18":{"start":{"line":48,"column":0},"end":{"line":48,"column":40}},"19":{"start":{"line":51,"column":0},"end":{"line":51,"column":52}},"20":{"start":{"line":53,"column":0},"end":{"line":56,"column":3}}},"fnMap":{"0":{"name":"(anonymous_0)","decl":{"start":{"line":29,"column":23},"end":{"line":29,"column":24}},"loc":{"start":{"line":29,"column":29},"end":{"line":39,"column":1}},"line":29},"1":{"name":"(anonymous_1)","decl":{"start":{"line":36,"column":13},"end":{"line":36,"column":14}},"loc":{"start":{"line":36,"column":19},"end":{"line":36,"column":24}},"line":36}},"branchMap":{},"s":{"0":0,"1":0,"2":0,"3":0,"4":0,"5":0,"6":0,"7":0,"8":0,"9":0,"10":0,"11":0,"12":0,"13":0,"14":0,"15":0,"16":0,"17":0,"18":0,"19":0,"20":0},"f":{"0":0,"1":0},"b":{}}
,"/Users/kore/Documents/Code/Projects/iter-ecosystem-enginy/apps/mobile/nativewind-env.d.ts": {"path":"/Users/kore/Documents/Code/Projects/iter-ecosystem-enginy/apps/mobile/nativewind-env.d.ts","statementMap":{},"fnMap":{},"branchMap":{},"s":{},"f":{},"b":{}}
,"/Users/kore/Documents/Code/Projects/iter-ecosystem-enginy/apps/mobile/postcss.config.js": {"path":"/Users/kore/Documents/Code/Projects/iter-ecosystem-enginy/apps/mobile/postcss.config.js","statementMap":{"0":{"start":{"line":1,"column":0},"end":{"line":6,"column":2}}},"fnMap":{},"branchMap":{},"s":{"0":0},"f":{},"b":{}}
,"/Users/kore/Documents/Code/Projects/iter-ecosystem-enginy/apps/mobile/tailwind.config.js": {"path":"/Users/kore/Documents/Code/Projects/iter-ecosystem-enginy/apps/mobile/tailwind.config.js","statementMap":{"0":{"start":{"line":1,"column":13},"end":{"line":1,"column":28}},"1":{"start":{"line":3,"column":0},"end":{"line":64,"column":2}}},"fnMap":{},"branchMap":{},"s":{"0":0,"1":0},"f":{},"b":{}}
,"/Users/kore/Documents/Code/Projects/iter-ecosystem-enginy/apps/mobile/app/+not-found.tsx": {"path":"/Users/kore/Documents/Code/Projects/iter-ecosystem-enginy/apps/mobile/app/+not-found.tsx","statementMap":{"0":{"start":{"line":6,"column":2},"end":{"line":16,"column":4}},"1":{"start":{"line":19,"column":15},"end":{"line":38,"column":2}}},"fnMap":{"0":{"name":"NotFoundScreen","decl":{"start":{"line":5,"column":24},"end":{"line":5,"column":38}},"loc":{"start":{"line":5,"column":41},"end":{"line":17,"column":1}},"line":5}},"branchMap":{},"s":{"0":0,"1":0},"f":{"0":0},"b":{}}
,"/Users/kore/Documents/Code/Projects/iter-ecosystem-enginy/apps/mobile/app/_layout.tsx": {"path":"/Users/kore/Documents/Code/Projects/iter-ecosystem-enginy/apps/mobile/app/_layout.tsx","statementMap":{"0":{"start":{"line":21,"column":0},"end":{"line":21,"column":36}},"1":{"start":{"line":24,"column":26},"end":{"line":24,"column":42}},"2":{"start":{"line":25,"column":26},"end":{"line":36,"column":4}},"3":{"start":{"line":38,"column":2},"end":{"line":42,"column":22}},"4":{"start":{"line":39,"column":4},"end":{"line":41,"column":5}},"5":{"start":{"line":40,"column":6},"end":{"line":40,"column":31}},"6":{"start":{"line":44,"column":2},"end":{"line":46,"column":3}},"7":{"start":{"line":45,"column":4},"end":{"line":45,"column":16}},"8":{"start":{"line":48,"column":2},"end":{"line":58,"column":4}}},"fnMap":{"0":{"name":"RootLayout","decl":{"start":{"line":23,"column":9},"end":{"line":23,"column":19}},"loc":{"start":{"line":23,"column":22},"end":{"line":59,"column":1}},"line":23},"1":{"name":"(anonymous_1)","decl":{"start":{"line":38,"column":12},"end":{"line":38,"column":13}},"loc":{"start":{"line":38,"column":18},"end":{"line":42,"column":3}},"line":38}},"branchMap":{"0":{"loc":{"start":{"line":39,"column":4},"end":{"line":41,"column":5}},"type":"if","locations":[{"start":{"line":39,"column":4},"end":{"line":41,"column":5}},{"start":{},"end":{}}],"line":39},"1":{"loc":{"start":{"line":39,"column":8},"end":{"line":39,"column":23}},"type":"binary-expr","locations":[{"start":{"line":39,"column":8},"end":{"line":39,"column":14}},{"start":{"line":39,"column":18},"end":{"line":39,"column":23}}],"line":39},"2":{"loc":{"start":{"line":44,"column":2},"end":{"line":46,"column":3}},"type":"if","locations":[{"start":{"line":44,"column":2},"end":{"line":46,"column":3}},{"start":{},"end":{}}],"line":44},"3":{"loc":{"start":{"line":44,"column":6},"end":{"line":44,"column":23}},"type":"binary-expr","locations":[{"start":{"line":44,"column":6},"end":{"line":44,"column":13}},{"start":{"line":44,"column":17},"end":{"line":44,"column":23}}],"line":44},"4":{"loc":{"start":{"line":56,"column":24},"end":{"line":56,"column":65}},"type":"cond-expr","locations":[{"start":{"line":56,"column":49},"end":{"line":56,"column":56}},{"start":{"line":56,"column":59},"end":{"line":56,"column":65}}],"line":56}},"s":{"0":0,"1":0,"2":0,"3":0,"4":0,"5":0,"6":0,"7":0,"8":0},"f":{"0":0,"1":0},"b":{"0":[0,0],"1":[0,0],"2":[0,0],"3":[0,0],"4":[0,0]}}
,"/Users/kore/Documents/Code/Projects/iter-ecosystem-enginy/apps/mobile/app/index.tsx": {"path":"/Users/kore/Documents/Code/Projects/iter-ecosystem-enginy/apps/mobile/app/index.tsx","statementMap":{"0":{"start":{"line":8,"column":36},"end":{"line":8,"column":56}},"1":{"start":{"line":9,"column":34},"end":{"line":9,"column":55}},"2":{"start":{"line":11,"column":2},"end":{"line":68,"column":9}},"3":{"start":{"line":13,"column":6},"end":{"line":65,"column":7}},"4":{"start":{"line":14,"column":20},"end":{"line":14,"column":24}},"5":{"start":{"line":15,"column":23},"end":{"line":15,"column":27}},"6":{"start":{"line":17,"column":8},"end":{"line":29,"column":9}},"7":{"start":{"line":18,"column":10},"end":{"line":18,"column":48}},"8":{"start":{"line":19,"column":10},"end":{"line":19,"column":50}},"9":{"start":{"line":21,"column":10},"end":{"line":28,"column":11}},"10":{"start":{"line":22,"column":12},"end":{"line":22,"column":60}},"11":{"start":{"line":23,"column":12},"end":{"line":23,"column":62}},"12":{"start":{"line":25,"column":12},"end":{"line":25,"column":74}},"13":{"start":{"line":26,"column":12},"end":{"line":26,"column":25}},"14":{"start":{"line":27,"column":12},"end":{"line":27,"column":28}},"15":{"start":{"line":31,"column":8},"end":{"line":59,"column":9}},"16":{"start":{"line":32,"column":10},"end":{"line":55,"column":11}},"17":{"start":{"line":33,"column":25},"end":{"line":33,"column":45}},"18":{"start":{"line":34,"column":12},"end":{"line":34,"column":94}},"19":{"start":{"line":37,"column":29},"end":{"line":42,"column":40}},"20":{"start":{"line":44,"column":12},"end":{"line":44,"column":72}},"21":{"start":{"line":46,"column":12},"end":{"line":51,"column":13}},"22":{"start":{"line":47,"column":14},"end":{"line":47,"column":32}},"23":{"start":{"line":49,"column":14},"end":{"line":49,"column":80}},"24":{"start":{"line":50,"column":14},"end":{"line":50,"column":33}},"25":{"start":{"line":53,"column":12},"end":{"line":53,"column":67}},"26":{"start":{"line":54,"column":12},"end":{"line":54,"column":31}},"27":{"start":{"line":57,"column":10},"end":{"line":57,"column":68}},"28":{"start":{"line":58,"column":10},"end":{"line":58,"column":29}},"29":{"start":{"line":61,"column":8},"end":{"line":61,"column":71}},"30":{"start":{"line":62,"column":8},"end":{"line":62,"column":27}},"31":{"start":{"line":64,"column":8},"end":{"line":64,"column":28}},"32":{"start":{"line":67,"column":4},"end":{"line":67,"column":16}},"33":{"start":{"line":70,"column":2},"end":{"line":76,"column":3}},"34":{"start":{"line":71,"column":4},"end":{"line":75,"column":6}},"35":{"start":{"line":78,"column":2},"end":{"line":78,"column":91}}},"fnMap":{"0":{"name":"Index","decl":{"start":{"line":7,"column":24},"end":{"line":7,"column":29}},"loc":{"start":{"line":7,"column":32},"end":{"line":79,"column":1}},"line":7},"1":{"name":"(anonymous_1)","decl":{"start":{"line":11,"column":18},"end":{"line":11,"column":19}},"loc":{"start":{"line":11,"column":24},"end":{"line":68,"column":3}},"line":11},"2":{"name":"checkAuth","decl":{"start":{"line":12,"column":19},"end":{"line":12,"column":28}},"loc":{"start":{"line":12,"column":31},"end":{"line":66,"column":5}},"line":12}},"branchMap":{"0":{"loc":{"start":{"line":17,"column":8},"end":{"line":29,"column":9}},"type":"if","locations":[{"start":{"line":17,"column":8},"end":{"line":29,"column":9}},{"start":{"line":20,"column":15},"end":{"line":29,"column":9}}],"line":17},"1":{"loc":{"start":{"line":31,"column":8},"end":{"line":59,"column":9}},"type":"if","locations":[{"start":{"line":31,"column":8},"end":{"line":59,"column":9}},{"start":{"line":56,"column":15},"end":{"line":59,"column":9}}],"line":31},"2":{"loc":{"start":{"line":31,"column":12},"end":{"line":31,"column":29}},"type":"binary-expr","locations":[{"start":{"line":31,"column":12},"end":{"line":31,"column":17}},{"start":{"line":31,"column":21},"end":{"line":31,"column":29}}],"line":31},"3":{"loc":{"start":{"line":37,"column":29},"end":{"line":42,"column":40}},"type":"binary-expr","locations":[{"start":{"line":37,"column":29},"end":{"line":37,"column":48}},{"start":{"line":38,"column":28},"end":{"line":38,"column":45}},{"start":{"line":39,"column":28},"end":{"line":39,"column":46}},{"start":{"line":40,"column":28},"end":{"line":40,"column":41}},{"start":{"line":41,"column":28},"end":{"line":41,"column":37}},{"start":{"line":42,"column":28},"end":{"line":42,"column":40}}],"line":37},"4":{"loc":{"start":{"line":46,"column":12},"end":{"line":51,"column":13}},"type":"if","locations":[{"start":{"line":46,"column":12},"end":{"line":51,"column":13}},{"start":{"line":48,"column":19},"end":{"line":51,"column":13}}],"line":46},"5":{"loc":{"start":{"line":46,"column":16},"end":{"line":46,"column":96}},"type":"binary-expr","locations":[{"start":{"line":46,"column":16},"end":{"line":46,"column":42}},{"start":{"line":46,"column":46},"end":{"line":46,"column":70}},{"start":{"line":46,"column":74},"end":{"line":46,"column":96}}],"line":46},"6":{"loc":{"start":{"line":70,"column":2},"end":{"line":76,"column":3}},"type":"if","locations":[{"start":{"line":70,"column":2},"end":{"line":76,"column":3}},{"start":{},"end":{}}],"line":70},"7":{"loc":{"start":{"line":78,"column":9},"end":{"line":78,"column":90}},"type":"cond-expr","locations":[{"start":{"line":78,"column":20},"end":{"line":78,"column":61}},{"start":{"line":78,"column":64},"end":{"line":78,"column":90}}],"line":78}},"s":{"0":0,"1":0,"2":0,"3":0,"4":0,"5":0,"6":0,"7":0,"8":0,"9":0,"10":0,"11":0,"12":0,"13":0,"14":0,"15":0,"16":0,"17":0,"18":0,"19":0,"20":0,"21":0,"22":0,"23":0,"24":0,"25":0,"26":0,"27":0,"28":0,"29":0,"30":0,"31":0,"32":0,"33":0,"34":0,"35":0},"f":{"0":0,"1":0,"2":0},"b":{"0":[0,0],"1":[0,0],"2":[0,0],"3":[0,0,0,0,0,0],"4":[0,0],"5":[0,0,0],"6":[0,0],"7":[0,0]}}
,"/Users/kore/Documents/Code/Projects/iter-ecosystem-enginy/apps/mobile/app/login.tsx": {"path":"/Users/kore/Documents/Code/Projects/iter-ecosystem-enginy/apps/mobile/app/login.tsx","statementMap":{"0":{"start":{"line":16,"column":16},"end":{"line":16,"column":32}},"1":{"start":{"line":17,"column":17},"end":{"line":17,"column":28}},"2":{"start":{"line":18,"column":28},"end":{"line":18,"column":46}},"3":{"start":{"line":19,"column":34},"end":{"line":19,"column":52}},"4":{"start":{"line":20,"column":32},"end":{"line":20,"column":53}},"5":{"start":{"line":21,"column":42},"end":{"line":21,"column":63}},"6":{"start":{"line":22,"column":36},"end":{"line":22,"column":71}},"7":{"start":{"line":24,"column":22},"end":{"line":60,"column":3}},"8":{"start":{"line":25,"column":4},"end":{"line":28,"column":5}},"9":{"start":{"line":26,"column":6},"end":{"line":26,"column":60}},"10":{"start":{"line":27,"column":6},"end":{"line":27,"column":13}},"11":{"start":{"line":30,"column":4},"end":{"line":30,"column":21}},"12":{"start":{"line":31,"column":4},"end":{"line":59,"column":5}},"13":{"start":{"line":32,"column":23},"end":{"line":32,"column":55}},"14":{"start":{"line":33,"column":30},"end":{"line":33,"column":43}},"15":{"start":{"line":34,"column":6},"end":{"line":34,"column":72}},"16":{"start":{"line":34,"column":17},"end":{"line":34,"column":72}},"17":{"start":{"line":36,"column":27},"end":{"line":36,"column":31}},"18":{"start":{"line":37,"column":23},"end":{"line":37,"column":45}},"19":{"start":{"line":39,"column":6},"end":{"line":43,"column":7}},"20":{"start":{"line":40,"column":8},"end":{"line":40,"column":26}},"21":{"start":{"line":41,"column":8},"end":{"line":41,"column":58}},"22":{"start":{"line":42,"column":8},"end":{"line":42,"column":15}},"23":{"start":{"line":45,"column":6},"end":{"line":45,"column":25}},"24":{"start":{"line":46,"column":6},"end":{"line":52,"column":7}},"25":{"start":{"line":47,"column":8},"end":{"line":47,"column":45}},"26":{"start":{"line":48,"column":8},"end":{"line":48,"column":62}},"27":{"start":{"line":50,"column":8},"end":{"line":50,"column":55}},"28":{"start":{"line":51,"column":8},"end":{"line":51,"column":72}},"29":{"start":{"line":53,"column":6},"end":{"line":53,"column":44}},"30":{"start":{"line":55,"column":22},"end":{"line":55,"column":82}},"31":{"start":{"line":56,"column":6},"end":{"line":56,"column":56}},"32":{"start":{"line":58,"column":6},"end":{"line":58,"column":24}},"33":{"start":{"line":62,"column":2},"end":{"line":168,"column":4}},"34":{"start":{"line":111,"column":53},"end":{"line":111,"column":83}},"35":{"start":{"line":128,"column":49},"end":{"line":128,"column":93}}},"fnMap":{"0":{"name":"LoginScreen","decl":{"start":{"line":15,"column":24},"end":{"line":15,"column":35}},"loc":{"start":{"line":15,"column":38},"end":{"line":169,"column":1}},"line":15},"1":{"name":"(anonymous_1)","decl":{"start":{"line":24,"column":22},"end":{"line":24,"column":23}},"loc":{"start":{"line":24,"column":34},"end":{"line":60,"column":3}},"line":24},"2":{"name":"(anonymous_2)","decl":{"start":{"line":111,"column":47},"end":{"line":111,"column":48}},"loc":{"start":{"line":111,"column":53},"end":{"line":111,"column":83}},"line":111},"3":{"name":"(anonymous_3)","decl":{"start":{"line":128,"column":43},"end":{"line":128,"column":44}},"loc":{"start":{"line":128,"column":49},"end":{"line":128,"column":93}},"line":128}},"branchMap":{"0":{"loc":{"start":{"line":25,"column":4},"end":{"line":28,"column":5}},"type":"if","locations":[{"start":{"line":25,"column":4},"end":{"line":28,"column":5}},{"start":{},"end":{}}],"line":25},"1":{"loc":{"start":{"line":25,"column":8},"end":{"line":25,"column":27}},"type":"binary-expr","locations":[{"start":{"line":25,"column":8},"end":{"line":25,"column":14}},{"start":{"line":25,"column":18},"end":{"line":25,"column":27}}],"line":25},"2":{"loc":{"start":{"line":34,"column":6},"end":{"line":34,"column":72}},"type":"if","locations":[{"start":{"line":34,"column":6},"end":{"line":34,"column":72}},{"start":{},"end":{}}],"line":34},"3":{"loc":{"start":{"line":39,"column":6},"end":{"line":43,"column":7}},"type":"if","locations":[{"start":{"line":39,"column":6},"end":{"line":43,"column":7}},{"start":{},"end":{}}],"line":39},"4":{"loc":{"start":{"line":39,"column":10},"end":{"line":39,"column":64}},"type":"binary-expr","locations":[{"start":{"line":39,"column":10},"end":{"line":39,"column":36}},{"start":{"line":39,"column":40},"end":{"line":39,"column":64}}],"line":39},"5":{"loc":{"start":{"line":46,"column":6},"end":{"line":52,"column":7}},"type":"if","locations":[{"start":{"line":46,"column":6},"end":{"line":52,"column":7}},{"start":{"line":49,"column":13},"end":{"line":52,"column":7}}],"line":46},"6":{"loc":{"start":{"line":55,"column":22},"end":{"line":55,"column":82}},"type":"binary-expr","locations":[{"start":{"line":55,"column":22},"end":{"line":55,"column":49}},{"start":{"line":55,"column":53},"end":{"line":55,"column":82}}],"line":55},"7":{"loc":{"start":{"line":66,"column":18},"end":{"line":66,"column":62}},"type":"cond-expr","locations":[{"start":{"line":66,"column":42},"end":{"line":66,"column":51}},{"start":{"line":66,"column":54},"end":{"line":66,"column":62}}],"line":66},"8":{"loc":{"start":{"line":112,"column":38},"end":{"line":112,"column":86}},"type":"cond-expr","locations":[{"start":{"line":112,"column":53},"end":{"line":112,"column":70}},{"start":{"line":112,"column":73},"end":{"line":112,"column":86}}],"line":112},"9":{"loc":{"start":{"line":119,"column":13},"end":{"line":132,"column":13}},"type":"binary-expr","locations":[{"start":{"line":119,"column":13},"end":{"line":119,"column":22}},{"start":{"line":120,"column":14},"end":{"line":131,"column":21}}],"line":119},"10":{"loc":{"start":{"line":137,"column":23},"end":{"line":137,"column":67}},"type":"binary-expr","locations":[{"start":{"line":137,"column":23},"end":{"line":137,"column":55}},{"start":{"line":137,"column":59},"end":{"line":137,"column":67}}],"line":137}},"s":{"0":0,"1":0,"2":0,"3":0,"4":0,"5":0,"6":0,"7":0,"8":0,"9":0,"10":0,"11":0,"12":0,"13":0,"14":0,"15":0,"16":0,"17":0,"18":0,"19":0,"20":0,"21":0,"22":0,"23":0,"24":0,"25":0,"26":0,"27":0,"28":0,"29":0,"30":0,"31":0,"32":0,"33":0,"34":0,"35":0},"f":{"0":0,"1":0,"2":0,"3":0},"b":{"0":[0,0],"1":[0,0],"2":[0,0],"3":[0,0],"4":[0,0],"5":[0,0],"6":[0,0],"7":[0,0],"8":[0,0],"9":[0,0],"10":[0,0]}}
,"/Users/kore/Documents/Code/Projects/iter-ecosystem-enginy/apps/mobile/app/(professor)/_layout.tsx": {"path":"/Users/kore/Documents/Code/Projects/iter-ecosystem-enginy/apps/mobile/app/(professor)/_layout.tsx","statementMap":{"0":{"start":{"line":7,"column":16},"end":{"line":7,"column":32}},"1":{"start":{"line":8,"column":26},"end":{"line":8,"column":42}},"2":{"start":{"line":9,"column":17},"end":{"line":9,"column":39}},"3":{"start":{"line":11,"column":2},"end":{"line":28,"column":4}}},"fnMap":{"0":{"name":"ProfessorStackLayout","decl":{"start":{"line":6,"column":24},"end":{"line":6,"column":44}},"loc":{"start":{"line":6,"column":47},"end":{"line":29,"column":1}},"line":6}},"branchMap":{"0":{"loc":{"start":{"line":14,"column":25},"end":{"line":14,"column":55}},"type":"cond-expr","locations":[{"start":{"line":14,"column":34},"end":{"line":14,"column":43}},{"start":{"line":14,"column":46},"end":{"line":14,"column":55}}],"line":14},"1":{"loc":{"start":{"line":16,"column":23},"end":{"line":16,"column":53}},"type":"cond-expr","locations":[{"start":{"line":16,"column":32},"end":{"line":16,"column":41}},{"start":{"line":16,"column":44},"end":{"line":16,"column":53}}],"line":16}},"s":{"0":0,"1":0,"2":0,"3":0},"f":{"0":0},"b":{"0":[0,0],"1":[0,0]}}
,"/Users/kore/Documents/Code/Projects/iter-ecosystem-enginy/apps/mobile/app/(professor)/coordination.tsx": {"path":"/Users/kore/Documents/Code/Projects/iter-ecosystem-enginy/apps/mobile/app/(professor)/coordination.tsx","statementMap":{"0":{"start":{"line":11,"column":22},"end":{"line":17,"column":1}},"1":{"start":{"line":12,"column":2},"end":{"line":16,"column":9}},"2":{"start":{"line":20,"column":16},"end":{"line":20,"column":32}},"3":{"start":{"line":21,"column":17},"end":{"line":21,"column":36}},"4":{"start":{"line":22,"column":40},"end":{"line":22,"column":65}},"5":{"start":{"line":23,"column":32},"end":{"line":23,"column":52}},"6":{"start":{"line":25,"column":2},"end":{"line":30,"column":9}},"7":{"start":{"line":26,"column":4},"end":{"line":29,"column":40}},"8":{"start":{"line":27,"column":19},"end":{"line":27,"column":43}},"9":{"start":{"line":28,"column":20},"end":{"line":28,"column":86}},"10":{"start":{"line":29,"column":21},"end":{"line":29,"column":38}},"11":{"start":{"line":32,"column":21},"end":{"line":34,"column":3}},"12":{"start":{"line":33,"column":4},"end":{"line":33,"column":49}},"13":{"start":{"line":33,"column":16},"end":{"line":33,"column":49}},"14":{"start":{"line":36,"column":22},"end":{"line":38,"column":3}},"15":{"start":{"line":37,"column":4},"end":{"line":37,"column":50}},"16":{"start":{"line":37,"column":15},"end":{"line":37,"column":50}},"17":{"start":{"line":40,"column":2},"end":{"line":46,"column":3}},"18":{"start":{"line":41,"column":4},"end":{"line":45,"column":6}},"19":{"start":{"line":48,"column":2},"end":{"line":141,"column":4}},"20":{"start":{"line":65,"column":14},"end":{"line":117,"column":21}},"21":{"start":{"line":73,"column":20},"end":{"line":73,"column":51}},"22":{"start":{"line":73,"column":39},"end":{"line":73,"column":51}},"23":{"start":{"line":74,"column":35},"end":{"line":74,"column":80}},"24":{"start":{"line":76,"column":20},"end":{"line":107,"column":22}},"25":{"start":{"line":91,"column":66},"end":{"line":91,"column":98}},"26":{"start":{"line":96,"column":64},"end":{"line":96,"column":118}}},"fnMap":{"0":{"name":"(anonymous_0)","decl":{"start":{"line":11,"column":22},"end":{"line":11,"column":23}},"loc":{"start":{"line":12,"column":2},"end":{"line":16,"column":9}},"line":12},"1":{"name":"CoordinationScreen","decl":{"start":{"line":19,"column":24},"end":{"line":19,"column":42}},"loc":{"start":{"line":19,"column":45},"end":{"line":142,"column":1}},"line":19},"2":{"name":"(anonymous_2)","decl":{"start":{"line":25,"column":18},"end":{"line":25,"column":19}},"loc":{"start":{"line":25,"column":24},"end":{"line":30,"column":3}},"line":25},"3":{"name":"(anonymous_3)","decl":{"start":{"line":27,"column":12},"end":{"line":27,"column":13}},"loc":{"start":{"line":27,"column":19},"end":{"line":27,"column":43}},"line":27},"4":{"name":"(anonymous_4)","decl":{"start":{"line":28,"column":13},"end":{"line":28,"column":14}},"loc":{"start":{"line":28,"column":20},"end":{"line":28,"column":86}},"line":28},"5":{"name":"(anonymous_5)","decl":{"start":{"line":29,"column":15},"end":{"line":29,"column":16}},"loc":{"start":{"line":29,"column":21},"end":{"line":29,"column":38}},"line":29},"6":{"name":"(anonymous_6)","decl":{"start":{"line":32,"column":21},"end":{"line":32,"column":22}},"loc":{"start":{"line":32,"column":41},"end":{"line":34,"column":3}},"line":32},"7":{"name":"(anonymous_7)","decl":{"start":{"line":36,"column":22},"end":{"line":36,"column":23}},"loc":{"start":{"line":36,"column":41},"end":{"line":38,"column":3}},"line":36},"8":{"name":"(anonymous_8)","decl":{"start":{"line":64,"column":28},"end":{"line":64,"column":29}},"loc":{"start":{"line":65,"column":14},"end":{"line":117,"column":21}},"line":65},"9":{"name":"(anonymous_9)","decl":{"start":{"line":72,"column":24},"end":{"line":72,"column":25}},"loc":{"start":{"line":72,"column":44},"end":{"line":108,"column":19}},"line":72},"10":{"name":"(anonymous_10)","decl":{"start":{"line":91,"column":60},"end":{"line":91,"column":61}},"loc":{"start":{"line":91,"column":66},"end":{"line":91,"column":98}},"line":91},"11":{"name":"(anonymous_11)","decl":{"start":{"line":96,"column":58},"end":{"line":96,"column":59}},"loc":{"start":{"line":96,"column":64},"end":{"line":96,"column":118}},"line":96}},"branchMap":{"0":{"loc":{"start":{"line":33,"column":4},"end":{"line":33,"column":49}},"type":"if","locations":[{"start":{"line":33,"column":4},"end":{"line":33,"column":49}},{"start":{},"end":{}}],"line":33},"1":{"loc":{"start":{"line":37,"column":4},"end":{"line":37,"column":50}},"type":"if","locations":[{"start":{"line":37,"column":4},"end":{"line":37,"column":50}},{"start":{},"end":{}}],"line":37},"2":{"loc":{"start":{"line":40,"column":2},"end":{"line":46,"column":3}},"type":"if","locations":[{"start":{"line":40,"column":2},"end":{"line":46,"column":3}},{"start":{},"end":{}}],"line":40},"3":{"loc":{"start":{"line":63,"column":11},"end":{"line":124,"column":11}},"type":"cond-expr","locations":[{"start":{"line":64,"column":12},"end":{"line":118,"column":14}},{"start":{"line":120,"column":12},"end":{"line":123,"column":19}}],"line":63},"4":{"loc":{"start":{"line":73,"column":20},"end":{"line":73,"column":51}},"type":"if","locations":[{"start":{"line":73,"column":20},"end":{"line":73,"column":51}},{"start":{},"end":{}}],"line":73},"5":{"loc":{"start":{"line":74,"column":35},"end":{"line":74,"column":80}},"type":"binary-expr","locations":[{"start":{"line":74,"column":35},"end":{"line":74,"column":57}},{"start":{"line":74,"column":61},"end":{"line":74,"column":80}}],"line":74},"6":{"loc":{"start":{"line":90,"column":32},"end":{"line":95,"column":32}},"type":"binary-expr","locations":[{"start":{"line":90,"column":32},"end":{"line":90,"column":52}},{"start":{"line":91,"column":33},"end":{"line":94,"column":52}}],"line":90},"7":{"loc":{"start":{"line":96,"column":76},"end":{"line":96,"column":117}},"type":"binary-expr","locations":[{"start":{"line":96,"column":76},"end":{"line":96,"column":94}},{"start":{"line":96,"column":98},"end":{"line":96,"column":117}}],"line":96},"8":{"loc":{"start":{"line":103,"column":26},"end":{"line":105,"column":26}},"type":"binary-expr","locations":[{"start":{"line":103,"column":26},"end":{"line":103,"column":33}},{"start":{"line":104,"column":27},"end":{"line":104,"column":108}}],"line":103},"9":{"loc":{"start":{"line":110,"column":19},"end":{"line":115,"column":19}},"type":"binary-expr","locations":[{"start":{"line":110,"column":19},"end":{"line":110,"column":34}},{"start":{"line":110,"column":38},"end":{"line":110,"column":53}},{"start":{"line":111,"column":20},"end":{"line":114,"column":27}}],"line":110}},"s":{"0":0,"1":0,"2":0,"3":0,"4":0,"5":0,"6":0,"7":0,"8":0,"9":0,"10":0,"11":0,"12":0,"13":0,"14":0,"15":0,"16":0,"17":0,"18":0,"19":0,"20":0,"21":0,"22":0,"23":0,"24":0,"25":0,"26":0},"f":{"0":0,"1":0,"2":0,"3":0,"4":0,"5":0,"6":0,"7":0,"8":0,"9":0,"10":0,"11":0},"b":{"0":[0,0],"1":[0,0],"2":[0,0],"3":[0,0],"4":[0,0],"5":[0,0],"6":[0,0],"7":[0,0],"8":[0,0],"9":[0,0,0]}}
,"/Users/kore/Documents/Code/Projects/iter-ecosystem-enginy/apps/mobile/app/(professor)/notifications.tsx": {"path":"/Users/kore/Documents/Code/Projects/iter-ecosystem-enginy/apps/mobile/app/(professor)/notifications.tsx","statementMap":{"0":{"start":{"line":12,"column":22},"end":{"line":12,"column":38}},"1":{"start":{"line":13,"column":17},"end":{"line":13,"column":36}},"2":{"start":{"line":14,"column":44},"end":{"line":14,"column":78}},"3":{"start":{"line":15,"column":32},"end":{"line":15,"column":52}},"4":{"start":{"line":16,"column":38},"end":{"line":16,"column":59}},"5":{"start":{"line":18,"column":29},"end":{"line":28,"column":3}},"6":{"start":{"line":19,"column":4},"end":{"line":27,"column":5}},"7":{"start":{"line":20,"column":23},"end":{"line":20,"column":47}},"8":{"start":{"line":21,"column":6},"end":{"line":21,"column":38}},"9":{"start":{"line":23,"column":6},"end":{"line":23,"column":67}},"10":{"start":{"line":25,"column":6},"end":{"line":25,"column":24}},"11":{"start":{"line":26,"column":6},"end":{"line":26,"column":27}},"12":{"start":{"line":30,"column":2},"end":{"line":32,"column":9}},"13":{"start":{"line":31,"column":4},"end":{"line":31,"column":25}},"14":{"start":{"line":34,"column":20},"end":{"line":37,"column":3}},"15":{"start":{"line":35,"column":4},"end":{"line":35,"column":24}},"16":{"start":{"line":36,"column":4},"end":{"line":36,"column":25}},"17":{"start":{"line":39,"column":19},"end":{"line":51,"column":3}},"18":{"start":{"line":40,"column":4},"end":{"line":50,"column":5}},"19":{"start":{"line":41,"column":6},"end":{"line":41,"column":50}},"20":{"start":{"line":42,"column":6},"end":{"line":47,"column":10}},"21":{"start":{"line":42,"column":31},"end":{"line":47,"column":8}},"22":{"start":{"line":43,"column":8},"end":{"line":45,"column":9}},"23":{"start":{"line":44,"column":10},"end":{"line":44,"column":40}},"24":{"start":{"line":46,"column":8},"end":{"line":46,"column":17}},"25":{"start":{"line":49,"column":6},"end":{"line":49,"column":57}},"26":{"start":{"line":53,"column":22},"end":{"line":60,"column":3}},"27":{"start":{"line":54,"column":4},"end":{"line":59,"column":5}},"28":{"start":{"line":55,"column":6},"end":{"line":55,"column":46}},"29":{"start":{"line":56,"column":6},"end":{"line":56,"column":74}},"30":{"start":{"line":56,"column":31},"end":{"line":56,"column":72}},"31":{"start":{"line":56,"column":48},"end":{"line":56,"column":71}},"32":{"start":{"line":58,"column":6},"end":{"line":58,"column":66}},"33":{"start":{"line":62,"column":2},"end":{"line":68,"column":3}},"34":{"start":{"line":63,"column":4},"end":{"line":67,"column":6}},"35":{"start":{"line":70,"column":2},"end":{"line":153,"column":4}},"36":{"start":{"line":93,"column":29},"end":{"line":93,"column":41}},"37":{"start":{"line":94,"column":29},"end":{"line":94,"column":63}},"38":{"start":{"line":96,"column":14},"end":{"line":140,"column":16}},"39":{"start":{"line":126,"column":57},"end":{"line":126,"column":87}},"40":{"start":{"line":130,"column":55},"end":{"line":130,"column":88}}},"fnMap":{"0":{"name":"NotificationsTabScreen","decl":{"start":{"line":11,"column":24},"end":{"line":11,"column":46}},"loc":{"start":{"line":11,"column":49},"end":{"line":154,"column":1}},"line":11},"1":{"name":"(anonymous_1)","decl":{"start":{"line":18,"column":29},"end":{"line":18,"column":30}},"loc":{"start":{"line":18,"column":41},"end":{"line":28,"column":3}},"line":18},"2":{"name":"(anonymous_2)","decl":{"start":{"line":30,"column":18},"end":{"line":30,"column":19}},"loc":{"start":{"line":30,"column":24},"end":{"line":32,"column":3}},"line":30},"3":{"name":"(anonymous_3)","decl":{"start":{"line":34,"column":20},"end":{"line":34,"column":21}},"loc":{"start":{"line":34,"column":26},"end":{"line":37,"column":3}},"line":34},"4":{"name":"(anonymous_4)","decl":{"start":{"line":39,"column":19},"end":{"line":39,"column":20}},"loc":{"start":{"line":39,"column":41},"end":{"line":51,"column":3}},"line":39},"5":{"name":"(anonymous_5)","decl":{"start":{"line":42,"column":23},"end":{"line":42,"column":24}},"loc":{"start":{"line":42,"column":31},"end":{"line":47,"column":8}},"line":42},"6":{"name":"(anonymous_6)","decl":{"start":{"line":42,"column":40},"end":{"line":42,"column":41}},"loc":{"start":{"line":42,"column":45},"end":{"line":47,"column":7}},"line":42},"7":{"name":"(anonymous_7)","decl":{"start":{"line":53,"column":22},"end":{"line":53,"column":23}},"loc":{"start":{"line":53,"column":44},"end":{"line":60,"column":3}},"line":53},"8":{"name":"(anonymous_8)","decl":{"start":{"line":56,"column":23},"end":{"line":56,"column":24}},"loc":{"start":{"line":56,"column":31},"end":{"line":56,"column":72}},"line":56},"9":{"name":"(anonymous_9)","decl":{"start":{"line":56,"column":43},"end":{"line":56,"column":44}},"loc":{"start":{"line":56,"column":48},"end":{"line":56,"column":71}},"line":56},"10":{"name":"(anonymous_10)","decl":{"start":{"line":92,"column":30},"end":{"line":92,"column":31}},"loc":{"start":{"line":92,"column":48},"end":{"line":141,"column":13}},"line":92},"11":{"name":"(anonymous_11)","decl":{"start":{"line":126,"column":51},"end":{"line":126,"column":52}},"loc":{"start":{"line":126,"column":57},"end":{"line":126,"column":87}},"line":126},"12":{"name":"(anonymous_12)","decl":{"start":{"line":130,"column":49},"end":{"line":130,"column":50}},"loc":{"start":{"line":130,"column":55},"end":{"line":130,"column":88}},"line":130}},"branchMap":{"0":{"loc":{"start":{"line":43,"column":8},"end":{"line":45,"column":9}},"type":"if","locations":[{"start":{"line":43,"column":8},"end":{"line":45,"column":9}},{"start":{},"end":{}}],"line":43},"1":{"loc":{"start":{"line":62,"column":2},"end":{"line":68,"column":3}},"type":"if","locations":[{"start":{"line":62,"column":2},"end":{"line":68,"column":3}},{"start":{},"end":{}}],"line":62},"2":{"loc":{"start":{"line":62,"column":6},"end":{"line":62,"column":28}},"type":"binary-expr","locations":[{"start":{"line":62,"column":6},"end":{"line":62,"column":13}},{"start":{"line":62,"column":17},"end":{"line":62,"column":28}}],"line":62},"3":{"loc":{"start":{"line":91,"column":11},"end":{"line":147,"column":11}},"type":"cond-expr","locations":[{"start":{"line":92,"column":12},"end":{"line":141,"column":14}},{"start":{"line":143,"column":12},"end":{"line":146,"column":19}}],"line":91},"4":{"loc":{"start":{"line":100,"column":67},"end":{"line":100,"column":93}},"type":"cond-expr","locations":[{"start":{"line":100,"column":76},"end":{"line":100,"column":88}},{"start":{"line":100,"column":91},"end":{"line":100,"column":93}}],"line":100},"5":{"loc":{"start":{"line":102,"column":19},"end":{"line":104,"column":19}},"type":"binary-expr","locations":[{"start":{"line":102,"column":19},"end":{"line":102,"column":26}},{"start":{"line":103,"column":20},"end":{"line":103,"column":102}}],"line":102},"6":{"loc":{"start":{"line":107,"column":68},"end":{"line":107,"column":109}},"type":"cond-expr","locations":[{"start":{"line":107,"column":77},"end":{"line":107,"column":86}},{"start":{"line":107,"column":89},"end":{"line":107,"column":109}}],"line":107},"7":{"loc":{"start":{"line":125,"column":23},"end":{"line":129,"column":23}},"type":"binary-expr","locations":[{"start":{"line":125,"column":23},"end":{"line":125,"column":30}},{"start":{"line":126,"column":24},"end":{"line":128,"column":43}}],"line":125},"8":{"loc":{"start":{"line":136,"column":19},"end":{"line":138,"column":19}},"type":"binary-expr","locations":[{"start":{"line":136,"column":19},"end":{"line":136,"column":26}},{"start":{"line":137,"column":20},"end":{"line":137,"column":101}}],"line":136}},"s":{"0":0,"1":0,"2":0,"3":0,"4":0,"5":0,"6":0,"7":0,"8":0,"9":0,"10":0,"11":0,"12":0,"13":0,"14":0,"15":0,"16":0,"17":0,"18":0,"19":0,"20":0,"21":0,"22":0,"23":0,"24":0,"25":0,"26":0,"27":0,"28":0,"29":0,"30":0,"31":0,"32":0,"33":0,"34":0,"35":0,"36":0,"37":0,"38":0,"39":0,"40":0},"f":{"0":0,"1":0,"2":0,"3":0,"4":0,"5":0,"6":0,"7":0,"8":0,"9":0,"10":0,"11":0,"12":0},"b":{"0":[0,0],"1":[0,0],"2":[0,0],"3":[0,0],"4":[0,0],"5":[0,0],"6":[0,0],"7":[0,0],"8":[0,0]}}
,"/Users/kore/Documents/Code/Projects/iter-ecosystem-enginy/apps/mobile/app/(professor)/(tabs)/_layout.tsx": {"path":"/Users/kore/Documents/Code/Projects/iter-ecosystem-enginy/apps/mobile/app/(professor)/(tabs)/_layout.tsx","statementMap":{"0":{"start":{"line":5,"column":16},"end":{"line":5,"column":27}},"1":{"start":{"line":8,"column":16},"end":{"line":8,"column":32}},"2":{"start":{"line":10,"column":2},"end":{"line":27,"column":4}}},"fnMap":{"0":{"name":"ProfessorTabsLayout","decl":{"start":{"line":7,"column":24},"end":{"line":7,"column":43}},"loc":{"start":{"line":7,"column":46},"end":{"line":28,"column":1}},"line":7}},"branchMap":{},"s":{"0":0,"1":0,"2":0},"f":{"0":0},"b":{}}
,"/Users/kore/Documents/Code/Projects/iter-ecosystem-enginy/apps/mobile/app/(professor)/(tabs)/calendar.tsx": {"path":"/Users/kore/Documents/Code/Projects/iter-ecosystem-enginy/apps/mobile/app/(professor)/(tabs)/calendar.tsx","statementMap":{"0":{"start":{"line":11,"column":16},"end":{"line":11,"column":32}},"1":{"start":{"line":12,"column":17},"end":{"line":12,"column":36}},"2":{"start":{"line":13,"column":17},"end":{"line":13,"column":28}},"3":{"start":{"line":14,"column":46},"end":{"line":14,"column":81}},"4":{"start":{"line":15,"column":32},"end":{"line":15,"column":52}},"5":{"start":{"line":16,"column":48},"end":{"line":16,"column":69}},"6":{"start":{"line":18,"column":25},"end":{"line":36,"column":8}},"7":{"start":{"line":19,"column":17},"end":{"line":19,"column":35}},"8":{"start":{"line":20,"column":18},"end":{"line":20,"column":33}},"9":{"start":{"line":21,"column":18},"end":{"line":21,"column":46}},"10":{"start":{"line":22,"column":16},"end":{"line":22,"column":44}},"11":{"start":{"line":23,"column":21},"end":{"line":23,"column":54}},"12":{"start":{"line":24,"column":19},"end":{"line":24,"column":50}},"13":{"start":{"line":26,"column":4},"end":{"line":26,"column":29}},"14":{"start":{"line":27,"column":4},"end":{"line":35,"column":5}},"15":{"start":{"line":28,"column":26},"end":{"line":28,"column":61}},"16":{"start":{"line":29,"column":6},"end":{"line":29,"column":42}},"17":{"start":{"line":31,"column":6},"end":{"line":31,"column":55}},"18":{"start":{"line":33,"column":6},"end":{"line":33,"column":32}},"19":{"start":{"line":34,"column":6},"end":{"line":34,"column":24}},"20":{"start":{"line":38,"column":2},"end":{"line":40,"column":23}},"21":{"start":{"line":39,"column":4},"end":{"line":39,"column":31}},"22":{"start":{"line":42,"column":2},"end":{"line":48,"column":3}},"23":{"start":{"line":43,"column":4},"end":{"line":47,"column":6}},"24":{"start":{"line":50,"column":2},"end":{"line":75,"column":4}},"25":{"start":{"line":68,"column":12},"end":{"line":70,"column":13}},"26":{"start":{"line":69,"column":15},"end":{"line":69,"column":73}}},"fnMap":{"0":{"name":"CalendarTabScreen","decl":{"start":{"line":10,"column":24},"end":{"line":10,"column":41}},"loc":{"start":{"line":10,"column":44},"end":{"line":76,"column":1}},"line":10},"1":{"name":"(anonymous_1)","decl":{"start":{"line":18,"column":43},"end":{"line":18,"column":44}},"loc":{"start":{"line":18,"column":65},"end":{"line":36,"column":3}},"line":18},"2":{"name":"(anonymous_2)","decl":{"start":{"line":38,"column":18},"end":{"line":38,"column":19}},"loc":{"start":{"line":38,"column":24},"end":{"line":40,"column":3}},"line":38},"3":{"name":"(anonymous_3)","decl":{"start":{"line":67,"column":24},"end":{"line":67,"column":25}},"loc":{"start":{"line":67,"column":35},"end":{"line":71,"column":11}},"line":67}},"branchMap":{"0":{"loc":{"start":{"line":42,"column":2},"end":{"line":48,"column":3}},"type":"if","locations":[{"start":{"line":42,"column":2},"end":{"line":48,"column":3}},{"start":{},"end":{}}],"line":42},"1":{"loc":{"start":{"line":68,"column":12},"end":{"line":70,"column":13}},"type":"if","locations":[{"start":{"line":68,"column":12},"end":{"line":70,"column":13}},{"start":{},"end":{}}],"line":68},"2":{"loc":{"start":{"line":68,"column":16},"end":{"line":68,"column":75}},"type":"binary-expr","locations":[{"start":{"line":68,"column":16},"end":{"line":68,"column":43}},{"start":{"line":68,"column":47},"end":{"line":68,"column":75}}],"line":68}},"s":{"0":0,"1":0,"2":0,"3":0,"4":0,"5":0,"6":0,"7":0,"8":0,"9":0,"10":0,"11":0,"12":0,"13":0,"14":0,"15":0,"16":0,"17":0,"18":0,"19":0,"20":0,"21":0,"22":0,"23":0,"24":0,"25":0,"26":0},"f":{"0":0,"1":0,"2":0,"3":0},"b":{"0":[0,0],"1":[0,0],"2":[0,0]}}
,"/Users/kore/Documents/Code/Projects/iter-ecosystem-enginy/apps/mobile/app/(professor)/(tabs)/index.tsx": {"path":"/Users/kore/Documents/Code/Projects/iter-ecosystem-enginy/apps/mobile/app/(professor)/(tabs)/index.tsx","statementMap":{"0":{"start":{"line":18,"column":15},"end":{"line":18,"column":36}},"1":{"start":{"line":19,"column":19},"end":{"line":21,"column":49}},"2":{"start":{"line":23,"column":17},"end":{"line":23,"column":52}},"3":{"start":{"line":24,"column":2},"end":{"line":30,"column":3}},"4":{"start":{"line":25,"column":4},"end":{"line":25,"column":44}},"5":{"start":{"line":26,"column":9},"end":{"line":30,"column":3}},"6":{"start":{"line":27,"column":17},"end":{"line":27,"column":35}},"7":{"start":{"line":28,"column":18},"end":{"line":28,"column":121}},"8":{"start":{"line":29,"column":4},"end":{"line":29,"column":57}},"9":{"start":{"line":32,"column":2},"end":{"line":32,"column":32}},"10":{"start":{"line":38,"column":22},"end":{"line":38,"column":38}},"11":{"start":{"line":39,"column":17},"end":{"line":39,"column":28}},"12":{"start":{"line":40,"column":17},"end":{"line":40,"column":36}},"13":{"start":{"line":42,"column":30},"end":{"line":42,"column":55}},"14":{"start":{"line":43,"column":40},"end":{"line":43,"column":65}},"15":{"start":{"line":44,"column":38},"end":{"line":44,"column":59}},"16":{"start":{"line":45,"column":32},"end":{"line":45,"column":52}},"17":{"start":{"line":46,"column":42},"end":{"line":46,"column":63}},"18":{"start":{"line":47,"column":50},"end":{"line":47,"column":92}},"19":{"start":{"line":48,"column":34},"end":{"line":48,"column":71}},"20":{"start":{"line":49,"column":42},"end":{"line":49,"column":87}},"21":{"start":{"line":50,"column":40},"end":{"line":50,"column":57}},"22":{"start":{"line":51,"column":30},"end":{"line":51,"column":65}},"23":{"start":{"line":53,"column":32},"end":{"line":112,"column":3}},"24":{"start":{"line":54,"column":4},"end":{"line":111,"column":5}},"25":{"start":{"line":55,"column":6},"end":{"line":55,"column":41}},"26":{"start":{"line":55,"column":21},"end":{"line":55,"column":41}},"27":{"start":{"line":56,"column":21},"end":{"line":56,"column":25}},"28":{"start":{"line":57,"column":22},"end":{"line":57,"column":26}},"29":{"start":{"line":58,"column":6},"end":{"line":69,"column":7}},"30":{"start":{"line":59,"column":8},"end":{"line":65,"column":9}},"31":{"start":{"line":60,"column":10},"end":{"line":60,"column":50}},"32":{"start":{"line":61,"column":10},"end":{"line":61,"column":58}},"33":{"start":{"line":63,"column":10},"end":{"line":63,"column":60}},"34":{"start":{"line":64,"column":10},"end":{"line":64,"column":68}},"35":{"start":{"line":67,"column":8},"end":{"line":67,"column":33}},"36":{"start":{"line":68,"column":8},"end":{"line":68,"column":15}},"37":{"start":{"line":71,"column":6},"end":{"line":91,"column":7}},"38":{"start":{"line":72,"column":21},"end":{"line":72,"column":41}},"39":{"start":{"line":73,"column":8},"end":{"line":74,"column":73}},"40":{"start":{"line":73,"column":28},"end":{"line":73,"column":56}},"41":{"start":{"line":74,"column":13},"end":{"line":74,"column":73}},"42":{"start":{"line":74,"column":32},"end":{"line":74,"column":73}},"43":{"start":{"line":76,"column":8},"end":{"line":79,"column":9}},"44":{"start":{"line":77,"column":27},"end":{"line":77,"column":115}},"45":{"start":{"line":77,"column":71},"end":{"line":77,"column":75}},"46":{"start":{"line":78,"column":10},"end":{"line":78,"column":36}},"47":{"start":{"line":81,"column":8},"end":{"line":81,"column":44}},"48":{"start":{"line":81,"column":23},"end":{"line":81,"column":44}},"49":{"start":{"line":83,"column":25},"end":{"line":83,"column":44}},"50":{"start":{"line":84,"column":8},"end":{"line":87,"column":9}},"51":{"start":{"line":85,"column":10},"end":{"line":85,"column":35}},"52":{"start":{"line":86,"column":10},"end":{"line":86,"column":17}},"53":{"start":{"line":89,"column":8},"end":{"line":89,"column":33}},"54":{"start":{"line":90,"column":8},"end":{"line":90,"column":15}},"55":{"start":{"line":93,"column":53},"end":{"line":97,"column":8}},"56":{"start":{"line":99,"column":25},"end":{"line":99,"column":46}},"57":{"start":{"line":100,"column":26},"end":{"line":100,"column":82}},"58":{"start":{"line":101,"column":6},"end":{"line":101,"column":63}},"59":{"start":{"line":102,"column":6},"end":{"line":102,"column":84}},"60":{"start":{"line":103,"column":6},"end":{"line":103,"column":74}},"61":{"start":{"line":103,"column":55},"end":{"line":103,"column":64}},"62":{"start":{"line":105,"column":6},"end":{"line":105,"column":61}},"63":{"start":{"line":106,"column":6},"end":{"line":106,"column":20}},"64":{"start":{"line":107,"column":6},"end":{"line":107,"column":25}},"65":{"start":{"line":109,"column":6},"end":{"line":109,"column":24}},"66":{"start":{"line":110,"column":6},"end":{"line":110,"column":27}},"67":{"start":{"line":114,"column":2},"end":{"line":118,"column":4}},"68":{"start":{"line":116,"column":6},"end":{"line":116,"column":30}},"69":{"start":{"line":120,"column":20},"end":{"line":122,"column":29}},"70":{"start":{"line":121,"column":4},"end":{"line":121,"column":32}},"71":{"start":{"line":126,"column":25},"end":{"line":158,"column":3}},"72":{"start":{"line":127,"column":4},"end":{"line":127,"column":46}},"73":{"start":{"line":127,"column":34},"end":{"line":127,"column":46}},"74":{"start":{"line":128,"column":16},"end":{"line":128,"column":26}},"75":{"start":{"line":129,"column":31},"end":{"line":129,"column":33}},"76":{"start":{"line":130,"column":4},"end":{"line":155,"column":7}},"77":{"start":{"line":131,"column":6},"end":{"line":154,"column":7}},"78":{"start":{"line":132,"column":8},"end":{"line":143,"column":11}},"79":{"start":{"line":133,"column":10},"end":{"line":142,"column":13}},"80":{"start":{"line":145,"column":8},"end":{"line":153,"column":11}},"81":{"start":{"line":156,"column":4},"end":{"line":156,"column":98}},"82":{"start":{"line":156,"column":31},"end":{"line":156,"column":96}},"83":{"start":{"line":157,"column":4},"end":{"line":157,"column":133}},"84":{"start":{"line":157,"column":33},"end":{"line":157,"column":92}},"85":{"start":{"line":160,"column":22},"end":{"line":163,"column":3}},"86":{"start":{"line":161,"column":4},"end":{"line":161,"column":46}},"87":{"start":{"line":161,"column":33},"end":{"line":161,"column":46}},"88":{"start":{"line":162,"column":4},"end":{"line":162,"column":103}},"89":{"start":{"line":162,"column":51},"end":{"line":162,"column":101}},"90":{"start":{"line":165,"column":23},"end":{"line":165,"column":39}},"91":{"start":{"line":166,"column":26},"end":{"line":168,"column":16}},"92":{"start":{"line":167,"column":17},"end":{"line":167,"column":62}},"93":{"start":{"line":170,"column":22},"end":{"line":170,"column":50}},"94":{"start":{"line":170,"column":39},"end":{"line":170,"column":49}},"95":{"start":{"line":171,"column":26},"end":{"line":171,"column":63}},"96":{"start":{"line":172,"column":22},"end":{"line":172,"column":141}},"97":{"start":{"line":173,"column":29},"end":{"line":173,"column":69}},"98":{"start":{"line":173,"column":53},"end":{"line":173,"column":68}},"99":{"start":{"line":175,"column":16},"end":{"line":175,"column":26}},"100":{"start":{"line":176,"column":26},"end":{"line":178,"column":11}},"101":{"start":{"line":180,"column":33},"end":{"line":186,"column":3}},"102":{"start":{"line":188,"column":30},"end":{"line":207,"column":3}},"103":{"start":{"line":189,"column":22},"end":{"line":189,"column":45}},"104":{"start":{"line":190,"column":42},"end":{"line":204,"column":5}},"105":{"start":{"line":205,"column":4},"end":{"line":205,"column":40}},"106":{"start":{"line":206,"column":4},"end":{"line":206,"column":26}},"107":{"start":{"line":211,"column":2},"end":{"line":217,"column":3}},"108":{"start":{"line":212,"column":4},"end":{"line":216,"column":6}},"109":{"start":{"line":221,"column":27},"end":{"line":259,"column":3}},"110":{"start":{"line":230,"column":21},"end":{"line":230,"column":62}},"111":{"start":{"line":248,"column":21},"end":{"line":248,"column":61}},"112":{"start":{"line":257,"column":21},"end":{"line":257,"column":100}},"113":{"start":{"line":263,"column":21},"end":{"line":263,"column":79}},"114":{"start":{"line":265,"column":2},"end":{"line":364,"column":4}},"115":{"start":{"line":290,"column":27},"end":{"line":290,"column":50}},"116":{"start":{"line":312,"column":40},"end":{"line":312,"column":73}},"117":{"start":{"line":328,"column":16},"end":{"line":349,"column":35}},"118":{"start":{"line":330,"column":33},"end":{"line":330,"column":58}},"119":{"start":{"line":360,"column":23},"end":{"line":360,"column":45}}},"fnMap":{"0":{"name":"getContextualGreeting","decl":{"start":{"line":17,"column":9},"end":{"line":17,"column":30}},"loc":{"start":{"line":17,"column":150},"end":{"line":33,"column":1}},"line":17},"1":{"name":"DashboardScreen","decl":{"start":{"line":37,"column":24},"end":{"line":37,"column":39}},"loc":{"start":{"line":37,"column":42},"end":{"line":365,"column":1}},"line":37},"2":{"name":"(anonymous_2)","decl":{"start":{"line":53,"column":32},"end":{"line":53,"column":33}},"loc":{"start":{"line":53,"column":61},"end":{"line":112,"column":3}},"line":53},"3":{"name":"(anonymous_3)","decl":{"start":{"line":77,"column":56},"end":{"line":77,"column":57}},"loc":{"start":{"line":77,"column":71},"end":{"line":77,"column":75}},"line":77},"4":{"name":"(anonymous_4)","decl":{"start":{"line":103,"column":43},"end":{"line":103,"column":44}},"loc":{"start":{"line":103,"column":55},"end":{"line":103,"column":64}},"line":103},"5":{"name":"(anonymous_5)","decl":{"start":{"line":115,"column":22},"end":{"line":115,"column":23}},"loc":{"start":{"line":115,"column":28},"end":{"line":117,"column":5}},"line":115},"6":{"name":"(anonymous_6)","decl":{"start":{"line":120,"column":38},"end":{"line":120,"column":39}},"loc":{"start":{"line":120,"column":44},"end":{"line":122,"column":3}},"line":120},"7":{"name":"(anonymous_7)","decl":{"start":{"line":126,"column":25},"end":{"line":126,"column":26}},"loc":{"start":{"line":126,"column":31},"end":{"line":158,"column":3}},"line":126},"8":{"name":"(anonymous_8)","decl":{"start":{"line":130,"column":24},"end":{"line":130,"column":25}},"loc":{"start":{"line":130,"column":34},"end":{"line":155,"column":5}},"line":130},"9":{"name":"(anonymous_9)","decl":{"start":{"line":132,"column":32},"end":{"line":132,"column":33}},"loc":{"start":{"line":132,"column":50},"end":{"line":143,"column":9}},"line":132},"10":{"name":"(anonymous_10)","decl":{"start":{"line":156,"column":21},"end":{"line":156,"column":22}},"loc":{"start":{"line":156,"column":31},"end":{"line":156,"column":96}},"line":156},"11":{"name":"(anonymous_11)","decl":{"start":{"line":157,"column":28},"end":{"line":157,"column":29}},"loc":{"start":{"line":157,"column":33},"end":{"line":157,"column":92}},"line":157},"12":{"name":"(anonymous_12)","decl":{"start":{"line":160,"column":22},"end":{"line":160,"column":23}},"loc":{"start":{"line":160,"column":43},"end":{"line":163,"column":3}},"line":160},"13":{"name":"(anonymous_13)","decl":{"start":{"line":162,"column":39},"end":{"line":162,"column":40}},"loc":{"start":{"line":162,"column":51},"end":{"line":162,"column":101}},"line":162},"14":{"name":"(anonymous_14)","decl":{"start":{"line":167,"column":12},"end":{"line":167,"column":13}},"loc":{"start":{"line":167,"column":17},"end":{"line":167,"column":62}},"line":167},"15":{"name":"(anonymous_15)","decl":{"start":{"line":170,"column":34},"end":{"line":170,"column":35}},"loc":{"start":{"line":170,"column":39},"end":{"line":170,"column":49}},"line":170},"16":{"name":"(anonymous_16)","decl":{"start":{"line":173,"column":48},"end":{"line":173,"column":49}},"loc":{"start":{"line":173,"column":53},"end":{"line":173,"column":68}},"line":173},"17":{"name":"(anonymous_17)","decl":{"start":{"line":188,"column":30},"end":{"line":188,"column":31}},"loc":{"start":{"line":188,"column":51},"end":{"line":207,"column":3}},"line":188},"18":{"name":"(anonymous_18)","decl":{"start":{"line":230,"column":15},"end":{"line":230,"column":16}},"loc":{"start":{"line":230,"column":21},"end":{"line":230,"column":62}},"line":230},"19":{"name":"(anonymous_19)","decl":{"start":{"line":239,"column":15},"end":{"line":239,"column":16}},"loc":{"start":{"line":239,"column":21},"end":{"line":239,"column":23}},"line":239},"20":{"name":"(anonymous_20)","decl":{"start":{"line":248,"column":15},"end":{"line":248,"column":16}},"loc":{"start":{"line":248,"column":21},"end":{"line":248,"column":61}},"line":248},"21":{"name":"(anonymous_21)","decl":{"start":{"line":257,"column":15},"end":{"line":257,"column":16}},"loc":{"start":{"line":257,"column":21},"end":{"line":257,"column":100}},"line":257},"22":{"name":"(anonymous_22)","decl":{"start":{"line":290,"column":21},"end":{"line":290,"column":22}},"loc":{"start":{"line":290,"column":27},"end":{"line":290,"column":50}},"line":290},"23":{"name":"(anonymous_23)","decl":{"start":{"line":312,"column":34},"end":{"line":312,"column":35}},"loc":{"start":{"line":312,"column":40},"end":{"line":312,"column":73}},"line":312},"24":{"name":"(anonymous_24)","decl":{"start":{"line":327,"column":35},"end":{"line":327,"column":36}},"loc":{"start":{"line":328,"column":16},"end":{"line":349,"column":35}},"line":328},"25":{"name":"(anonymous_25)","decl":{"start":{"line":330,"column":27},"end":{"line":330,"column":28}},"loc":{"start":{"line":330,"column":33},"end":{"line":330,"column":58}},"line":330},"26":{"name":"(anonymous_26)","decl":{"start":{"line":360,"column":17},"end":{"line":360,"column":18}},"loc":{"start":{"line":360,"column":23},"end":{"line":360,"column":45}},"line":360}},"branchMap":{"0":{"loc":{"start":{"line":19,"column":19},"end":{"line":21,"column":49}},"type":"cond-expr","locations":[{"start":{"line":20,"column":6},"end":{"line":20,"column":47}},{"start":{"line":21,"column":6},"end":{"line":21,"column":49}}],"line":19},"1":{"loc":{"start":{"line":24,"column":2},"end":{"line":30,"column":3}},"type":"if","locations":[{"start":{"line":24,"column":2},"end":{"line":30,"column":3}},{"start":{"line":26,"column":9},"end":{"line":30,"column":3}}],"line":24},"2":{"loc":{"start":{"line":26,"column":9},"end":{"line":30,"column":3}},"type":"if","locations":[{"start":{"line":26,"column":9},"end":{"line":30,"column":3}},{"start":{},"end":{}}],"line":26},"3":{"loc":{"start":{"line":28,"column":42},"end":{"line":28,"column":67}},"type":"binary-expr","locations":[{"start":{"line":28,"column":42},"end":{"line":28,"column":56}},{"start":{"line":28,"column":60},"end":{"line":28,"column":67}}],"line":28},"4":{"loc":{"start":{"line":53,"column":39},"end":{"line":53,"column":56}},"type":"default-arg","locations":[{"start":{"line":53,"column":51},"end":{"line":53,"column":56}}],"line":53},"5":{"loc":{"start":{"line":55,"column":6},"end":{"line":55,"column":41}},"type":"if","locations":[{"start":{"line":55,"column":6},"end":{"line":55,"column":41}},{"start":{},"end":{}}],"line":55},"6":{"loc":{"start":{"line":59,"column":8},"end":{"line":65,"column":9}},"type":"if","locations":[{"start":{"line":59,"column":8},"end":{"line":65,"column":9}},{"start":{"line":62,"column":15},"end":{"line":65,"column":9}}],"line":59},"7":{"loc":{"start":{"line":71,"column":6},"end":{"line":91,"column":7}},"type":"if","locations":[{"start":{"line":71,"column":6},"end":{"line":91,"column":7}},{"start":{"line":88,"column":13},"end":{"line":91,"column":7}}],"line":71},"8":{"loc":{"start":{"line":73,"column":8},"end":{"line":74,"column":73}},"type":"if","locations":[{"start":{"line":73,"column":8},"end":{"line":74,"column":73}},{"start":{"line":74,"column":13},"end":{"line":74,"column":73}}],"line":73},"9":{"loc":{"start":{"line":74,"column":13},"end":{"line":74,"column":73}},"type":"if","locations":[{"start":{"line":74,"column":13},"end":{"line":74,"column":73}},{"start":{},"end":{}}],"line":74},"10":{"loc":{"start":{"line":76,"column":8},"end":{"line":79,"column":9}},"type":"if","locations":[{"start":{"line":76,"column":8},"end":{"line":79,"column":9}},{"start":{},"end":{}}],"line":76},"11":{"loc":{"start":{"line":81,"column":8},"end":{"line":81,"column":44}},"type":"if","locations":[{"start":{"line":81,"column":8},"end":{"line":81,"column":44}},{"start":{},"end":{}}],"line":81},"12":{"loc":{"start":{"line":84,"column":8},"end":{"line":87,"column":9}},"type":"if","locations":[{"start":{"line":84,"column":8},"end":{"line":87,"column":9}},{"start":{},"end":{}}],"line":84},"13":{"loc":{"start":{"line":84,"column":12},"end":{"line":84,"column":62}},"type":"binary-expr","locations":[{"start":{"line":84,"column":12},"end":{"line":84,"column":36}},{"start":{"line":84,"column":40},"end":{"line":84,"column":62}}],"line":84},"14":{"loc":{"start":{"line":100,"column":26},"end":{"line":100,"column":82}},"type":"cond-expr","locations":[{"start":{"line":100,"column":54},"end":{"line":100,"column":64}},{"start":{"line":100,"column":67},"end":{"line":100,"column":82}}],"line":100},"15":{"loc":{"start":{"line":101,"column":16},"end":{"line":101,"column":61}},"type":"cond-expr","locations":[{"start":{"line":101,"column":45},"end":{"line":101,"column":56}},{"start":{"line":101,"column":59},"end":{"line":101,"column":61}}],"line":101},"16":{"loc":{"start":{"line":102,"column":21},"end":{"line":102,"column":82}},"type":"cond-expr","locations":[{"start":{"line":102,"column":58},"end":{"line":102,"column":77}},{"start":{"line":102,"column":80},"end":{"line":102,"column":82}}],"line":102},"17":{"loc":{"start":{"line":127,"column":4},"end":{"line":127,"column":46}},"type":"if","locations":[{"start":{"line":127,"column":4},"end":{"line":127,"column":46}},{"start":{},"end":{}}],"line":127},"18":{"loc":{"start":{"line":131,"column":6},"end":{"line":154,"column":7}},"type":"if","locations":[{"start":{"line":131,"column":6},"end":{"line":154,"column":7}},{"start":{"line":144,"column":13},"end":{"line":154,"column":7}}],"line":131},"19":{"loc":{"start":{"line":131,"column":10},"end":{"line":131,"column":55}},"type":"binary-expr","locations":[{"start":{"line":131,"column":10},"end":{"line":131,"column":25}},{"start":{"line":131,"column":29},"end":{"line":131,"column":55}}],"line":131},"20":{"loc":{"start":{"line":157,"column":11},"end":{"line":157,"column":132}},"type":"binary-expr","locations":[{"start":{"line":157,"column":11},"end":{"line":157,"column":93}},{"start":{"line":157,"column":97},"end":{"line":157,"column":132}}],"line":157},"21":{"loc":{"start":{"line":161,"column":4},"end":{"line":161,"column":46}},"type":"if","locations":[{"start":{"line":161,"column":4},"end":{"line":161,"column":46}},{"start":{},"end":{}}],"line":161},"22":{"loc":{"start":{"line":162,"column":51},"end":{"line":162,"column":101}},"type":"binary-expr","locations":[{"start":{"line":162,"column":51},"end":{"line":162,"column":75}},{"start":{"line":162,"column":79},"end":{"line":162,"column":101}}],"line":162},"23":{"loc":{"start":{"line":171,"column":26},"end":{"line":171,"column":63}},"type":"cond-expr","locations":[{"start":{"line":171,"column":40},"end":{"line":171,"column":56}},{"start":{"line":171,"column":59},"end":{"line":171,"column":63}}],"line":171},"24":{"loc":{"start":{"line":172,"column":22},"end":{"line":172,"column":141}},"type":"binary-expr","locations":[{"start":{"line":172,"column":22},"end":{"line":172,"column":61}},{"start":{"line":172,"column":65},"end":{"line":172,"column":101}},{"start":{"line":172,"column":105},"end":{"line":172,"column":141}}],"line":172},"25":{"loc":{"start":{"line":176,"column":26},"end":{"line":178,"column":11}},"type":"cond-expr","locations":[{"start":{"line":177,"column":6},"end":{"line":177,"column":78}},{"start":{"line":178,"column":6},"end":{"line":178,"column":11}}],"line":176},"26":{"loc":{"start":{"line":195,"column":19},"end":{"line":195,"column":80}},"type":"binary-expr","locations":[{"start":{"line":195,"column":19},"end":{"line":195,"column":50}},{"start":{"line":195,"column":54},"end":{"line":195,"column":80}}],"line":195},"27":{"loc":{"start":{"line":197,"column":17},"end":{"line":197,"column":48}},"type":"binary-expr","locations":[{"start":{"line":197,"column":17},"end":{"line":197,"column":37}},{"start":{"line":197,"column":41},"end":{"line":197,"column":48}}],"line":197},"28":{"loc":{"start":{"line":197,"column":54},"end":{"line":197,"column":83}},"type":"binary-expr","locations":[{"start":{"line":197,"column":54},"end":{"line":197,"column":72}},{"start":{"line":197,"column":76},"end":{"line":197,"column":83}}],"line":197},"29":{"loc":{"start":{"line":211,"column":2},"end":{"line":217,"column":3}},"type":"if","locations":[{"start":{"line":211,"column":2},"end":{"line":217,"column":3}},{"start":{},"end":{}}],"line":211},"30":{"loc":{"start":{"line":229,"column":13},"end":{"line":229,"column":109}},"type":"cond-expr","locations":[{"start":{"line":229,"column":31},"end":{"line":229,"column":83}},{"start":{"line":229,"column":86},"end":{"line":229,"column":109}}],"line":229},"31":{"loc":{"start":{"line":238,"column":13},"end":{"line":238,"column":37}},"type":"binary-expr","locations":[{"start":{"line":238,"column":13},"end":{"line":238,"column":28}},{"start":{"line":238,"column":32},"end":{"line":238,"column":37}}],"line":238},"32":{"loc":{"start":{"line":250,"column":8},"end":{"line":258,"column":11}},"type":"cond-expr","locations":[{"start":{"line":250,"column":55},"end":{"line":258,"column":6}},{"start":{"line":258,"column":9},"end":{"line":258,"column":11}}],"line":250},"33":{"loc":{"start":{"line":250,"column":8},"end":{"line":250,"column":52}},"type":"binary-expr","locations":[{"start":{"line":250,"column":8},"end":{"line":250,"column":19}},{"start":{"line":250,"column":23},"end":{"line":250,"column":52}}],"line":250},"34":{"loc":{"start":{"line":263,"column":21},"end":{"line":263,"column":79}},"type":"cond-expr","locations":[{"start":{"line":263,"column":46},"end":{"line":263,"column":72}},{"start":{"line":263,"column":75},"end":{"line":263,"column":79}}],"line":263},"35":{"loc":{"start":{"line":280,"column":13},"end":{"line":284,"column":13}},"type":"binary-expr","locations":[{"start":{"line":280,"column":13},"end":{"line":280,"column":23}},{"start":{"line":281,"column":14},"end":{"line":283,"column":21}}],"line":280},"36":{"loc":{"start":{"line":294,"column":13},"end":{"line":298,"column":13}},"type":"cond-expr","locations":[{"start":{"line":295,"column":14},"end":{"line":295,"column":74}},{"start":{"line":297,"column":14},"end":{"line":297,"column":83}}],"line":294},"37":{"loc":{"start":{"line":304,"column":20},"end":{"line":311,"column":23}},"type":"cond-expr","locations":[{"start":{"line":304,"column":35},"end":{"line":311,"column":11}},{"start":{"line":311,"column":14},"end":{"line":311,"column":23}}],"line":304},"38":{"loc":{"start":{"line":312,"column":19},"end":{"line":312,"column":85}},"type":"cond-expr","locations":[{"start":{"line":312,"column":34},"end":{"line":312,"column":73}},{"start":{"line":312,"column":76},"end":{"line":312,"column":85}}],"line":312},"39":{"loc":{"start":{"line":319,"column":9},"end":{"line":353,"column":9}},"type":"binary-expr","locations":[{"start":{"line":319,"column":9},"end":{"line":319,"column":35}},{"start":{"line":320,"column":10},"end":{"line":352,"column":17}}],"line":319},"40":{"loc":{"start":{"line":346,"column":19},"end":{"line":348,"column":19}},"type":"binary-expr","locations":[{"start":{"line":346,"column":19},"end":{"line":346,"column":51}},{"start":{"line":347,"column":20},"end":{"line":347,"column":104}}],"line":346}},"s":{"0":0,"1":0,"2":0,"3":0,"4":0,"5":0,"6":0,"7":0,"8":0,"9":0,"10":0,"11":0,"12":0,"13":0,"14":0,"15":0,"16":0,"17":0,"18":0,"19":0,"20":0,"21":0,"22":0,"23":0,"24":0,"25":0,"26":0,"27":0,"28":0,"29":0,"30":0,"31":0,"32":0,"33":0,"34":0,"35":0,"36":0,"37":0,"38":0,"39":0,"40":0,"41":0,"42":0,"43":0,"44":0,"45":0,"46":0,"47":0,"48":0,"49":0,"50":0,"51":0,"52":0,"53":0,"54":0,"55":0,"56":0,"57":0,"58":0,"59":0,"60":0,"61":0,"62":0,"63":0,"64":0,"65":0,"66":0,"67":0,"68":0,"69":0,"70":0,"71":0,"72":0,"73":0,"74":0,"75":0,"76":0,"77":0,"78":0,"79":0,"80":0,"81":0,"82":0,"83":0,"84":0,"85":0,"86":0,"87":0,"88":0,"89":0,"90":0,"91":0,"92":0,"93":0,"94":0,"95":0,"96":0,"97":0,"98":0,"99":0,"100":0,"101":0,"102":0,"103":0,"104":0,"105":0,"106":0,"107":0,"108":0,"109":0,"110":0,"111":0,"112":0,"113":0,"114":0,"115":0,"116":0,"117":0,"118":0,"119":0},"f":{"0":0,"1":0,"2":0,"3":0,"4":0,"5":0,"6":0,"7":0,"8":0,"9":0,"10":0,"11":0,"12":0,"13":0,"14":0,"15":0,"16":0,"17":0,"18":0,"19":0,"20":0,"21":0,"22":0,"23":0,"24":0,"25":0,"26":0},"b":{"0":[0,0],"1":[0,0],"2":[0,0],"3":[0,0],"4":[0],"5":[0,0],"6":[0,0],"7":[0,0],"8":[0,0],"9":[0,0],"10":[0,0],"11":[0,0],"12":[0,0],"13":[0,0],"14":[0,0],"15":[0,0],"16":[0,0],"17":[0,0],"18":[0,0],"19":[0,0],"20":[0,0],"21":[0,0],"22":[0,0],"23":[0,0],"24":[0,0,0],"25":[0,0],"26":[0,0],"27":[0,0],"28":[0,0],"29":[0,0],"30":[0,0],"31":[0,0],"32":[0,0],"33":[0,0],"34":[0,0],"35":[0,0],"36":[0,0],"37":[0,0],"38":[0,0],"39":[0,0],"40":[0,0]}}
,"/Users/kore/Documents/Code/Projects/iter-ecosystem-enginy/apps/mobile/app/(professor)/(tabs)/profile.tsx": {"path":"/Users/kore/Documents/Code/Projects/iter-ecosystem-enginy/apps/mobile/app/(professor)/(tabs)/profile.tsx","statementMap":{"0":{"start":{"line":13,"column":20},"end":{"line":54,"column":1}},"1":{"start":{"line":30,"column":2},"end":{"line":53,"column":21}},"2":{"start":{"line":57,"column":22},"end":{"line":63,"column":1}},"3":{"start":{"line":58,"column":2},"end":{"line":62,"column":9}},"4":{"start":{"line":66,"column":23},"end":{"line":128,"column":1}},"5":{"start":{"line":83,"column":2},"end":{"line":127,"column":10}},"6":{"start":{"line":99,"column":12},"end":{"line":116,"column":31}},"7":{"start":{"line":102,"column":16},"end":{"line":102,"column":36}},"8":{"start":{"line":103,"column":16},"end":{"line":103,"column":26}},"9":{"start":{"line":131,"column":22},"end":{"line":131,"column":38}},"10":{"start":{"line":132,"column":17},"end":{"line":132,"column":28}},"11":{"start":{"line":133,"column":17},"end":{"line":133,"column":36}},"12":{"start":{"line":134,"column":42},"end":{"line":134,"column":58}},"13":{"start":{"line":136,"column":44},"end":{"line":136,"column":64}},"14":{"start":{"line":137,"column":26},"end":{"line":137,"column":51}},"15":{"start":{"line":138,"column":28},"end":{"line":138,"column":63}},"16":{"start":{"line":141,"column":50},"end":{"line":141,"column":71}},"17":{"start":{"line":142,"column":52},"end":{"line":142,"column":73}},"18":{"start":{"line":144,"column":2},"end":{"line":165,"column":9}},"19":{"start":{"line":146,"column":6},"end":{"line":162,"column":7}},"20":{"start":{"line":147,"column":23},"end":{"line":147,"column":27}},"21":{"start":{"line":148,"column":24},"end":{"line":148,"column":28}},"22":{"start":{"line":150,"column":8},"end":{"line":156,"column":9}},"23":{"start":{"line":151,"column":10},"end":{"line":151,"column":50}},"24":{"start":{"line":152,"column":10},"end":{"line":152,"column":58}},"25":{"start":{"line":154,"column":10},"end":{"line":154,"column":60}},"26":{"start":{"line":155,"column":10},"end":{"line":155,"column":68}},"27":{"start":{"line":158,"column":8},"end":{"line":158,"column":52}},"28":{"start":{"line":158,"column":22},"end":{"line":158,"column":52}},"29":{"start":{"line":159,"column":8},"end":{"line":159,"column":43}},"30":{"start":{"line":159,"column":23},"end":{"line":159,"column":43}},"31":{"start":{"line":161,"column":8},"end":{"line":161,"column":56}},"32":{"start":{"line":164,"column":4},"end":{"line":164,"column":23}},"33":{"start":{"line":167,"column":20},"end":{"line":199,"column":3}},"34":{"start":{"line":168,"column":23},"end":{"line":168,"column":78}},"35":{"start":{"line":170,"column":4},"end":{"line":176,"column":5}},"36":{"start":{"line":171,"column":6},"end":{"line":174,"column":8}},"37":{"start":{"line":175,"column":6},"end":{"line":175,"column":13}},"38":{"start":{"line":178,"column":19},"end":{"line":183,"column":6}},"39":{"start":{"line":185,"column":4},"end":{"line":198,"column":5}},"40":{"start":{"line":186,"column":18},"end":{"line":186,"column":38}},"41":{"start":{"line":187,"column":6},"end":{"line":187,"column":20}},"42":{"start":{"line":189,"column":6},"end":{"line":197,"column":7}},"43":{"start":{"line":190,"column":8},"end":{"line":194,"column":9}},"44":{"start":{"line":191,"column":10},"end":{"line":191,"column":51}},"45":{"start":{"line":193,"column":10},"end":{"line":193,"column":61}},"46":{"start":{"line":196,"column":8},"end":{"line":196,"column":52}},"47":{"start":{"line":201,"column":23},"end":{"line":233,"column":3}},"48":{"start":{"line":202,"column":26},"end":{"line":217,"column":5}},"49":{"start":{"line":203,"column":6},"end":{"line":216,"column":7}},"50":{"start":{"line":204,"column":8},"end":{"line":212,"column":9}},"51":{"start":{"line":205,"column":10},"end":{"line":205,"column":43}},"52":{"start":{"line":206,"column":10},"end":{"line":206,"column":42}},"53":{"start":{"line":207,"column":10},"end":{"line":207,"column":49}},"54":{"start":{"line":209,"column":10},"end":{"line":209,"column":53}},"55":{"start":{"line":210,"column":10},"end":{"line":210,"column":52}},"56":{"start":{"line":211,"column":10},"end":{"line":211,"column":59}},"57":{"start":{"line":213,"column":8},"end":{"line":213,"column":33}},"58":{"start":{"line":215,"column":8},"end":{"line":215,"column":48}},"59":{"start":{"line":219,"column":4},"end":{"line":232,"column":5}},"60":{"start":{"line":220,"column":6},"end":{"line":222,"column":7}},"61":{"start":{"line":221,"column":8},"end":{"line":221,"column":30}},"62":{"start":{"line":224,"column":6},"end":{"line":231,"column":8}},"63":{"start":{"line":235,"column":26},"end":{"line":238,"column":3}},"64":{"start":{"line":236,"column":4},"end":{"line":236,"column":37}},"65":{"start":{"line":236,"column":25},"end":{"line":236,"column":37}},"66":{"start":{"line":237,"column":4},"end":{"line":237,"column":100}},"67":{"start":{"line":237,"column":55},"end":{"line":237,"column":59}},"68":{"start":{"line":240,"column":28},"end":{"line":244,"column":22}},"69":{"start":{"line":241,"column":4},"end":{"line":241,"column":76}},"70":{"start":{"line":241,"column":32},"end":{"line":241,"column":76}},"71":{"start":{"line":242,"column":4},"end":{"line":242,"column":78}},"72":{"start":{"line":242,"column":33},"end":{"line":242,"column":78}},"73":{"start":{"line":243,"column":4},"end":{"line":243,"column":50}},"74":{"start":{"line":246,"column":27},"end":{"line":248,"column":24}},"75":{"start":{"line":247,"column":4},"end":{"line":247,"column":98}},"76":{"start":{"line":250,"column":2},"end":{"line":423,"column":4}},"77":{"start":{"line":331,"column":29},"end":{"line":331,"column":55}},"78":{"start":{"line":340,"column":29},"end":{"line":340,"column":54}},"79":{"start":{"line":390,"column":23},"end":{"line":390,"column":49}},"80":{"start":{"line":395,"column":10},"end":{"line":395,"column":41}},"81":{"start":{"line":396,"column":10},"end":{"line":400,"column":11}},"82":{"start":{"line":397,"column":12},"end":{"line":397,"column":55}},"83":{"start":{"line":399,"column":12},"end":{"line":399,"column":65}},"84":{"start":{"line":411,"column":23},"end":{"line":411,"column":50}},"85":{"start":{"line":415,"column":27},"end":{"line":415,"column":46}}},"fnMap":{"0":{"name":"(anonymous_0)","decl":{"start":{"line":13,"column":20},"end":{"line":13,"column":21}},"loc":{"start":{"line":30,"column":2},"end":{"line":53,"column":21}},"line":30},"1":{"name":"(anonymous_1)","decl":{"start":{"line":57,"column":22},"end":{"line":57,"column":23}},"loc":{"start":{"line":58,"column":2},"end":{"line":62,"column":9}},"line":58},"2":{"name":"(anonymous_2)","decl":{"start":{"line":66,"column":23},"end":{"line":66,"column":24}},"loc":{"start":{"line":83,"column":2},"end":{"line":127,"column":10}},"line":83},"3":{"name":"(anonymous_3)","decl":{"start":{"line":98,"column":23},"end":{"line":98,"column":24}},"loc":{"start":{"line":99,"column":12},"end":{"line":116,"column":31}},"line":99},"4":{"name":"(anonymous_4)","decl":{"start":{"line":101,"column":23},"end":{"line":101,"column":24}},"loc":{"start":{"line":101,"column":29},"end":{"line":104,"column":15}},"line":101},"5":{"name":"PerfilScreen","decl":{"start":{"line":130,"column":24},"end":{"line":130,"column":36}},"loc":{"start":{"line":130,"column":39},"end":{"line":424,"column":1}},"line":130},"6":{"name":"(anonymous_6)","decl":{"start":{"line":144,"column":18},"end":{"line":144,"column":19}},"loc":{"start":{"line":144,"column":24},"end":{"line":165,"column":3}},"line":144},"7":{"name":"loadUserAndImage","decl":{"start":{"line":145,"column":19},"end":{"line":145,"column":35}},"loc":{"start":{"line":145,"column":38},"end":{"line":163,"column":5}},"line":145},"8":{"name":"(anonymous_8)","decl":{"start":{"line":167,"column":20},"end":{"line":167,"column":21}},"loc":{"start":{"line":167,"column":32},"end":{"line":199,"column":3}},"line":167},"9":{"name":"(anonymous_9)","decl":{"start":{"line":201,"column":23},"end":{"line":201,"column":24}},"loc":{"start":{"line":201,"column":35},"end":{"line":233,"column":3}},"line":201},"10":{"name":"(anonymous_10)","decl":{"start":{"line":202,"column":26},"end":{"line":202,"column":27}},"loc":{"start":{"line":202,"column":38},"end":{"line":217,"column":5}},"line":202},"11":{"name":"(anonymous_11)","decl":{"start":{"line":235,"column":26},"end":{"line":235,"column":27}},"loc":{"start":{"line":235,"column":32},"end":{"line":238,"column":3}},"line":235},"12":{"name":"(anonymous_12)","decl":{"start":{"line":237,"column":40},"end":{"line":237,"column":41}},"loc":{"start":{"line":237,"column":55},"end":{"line":237,"column":59}},"line":237},"13":{"name":"(anonymous_13)","decl":{"start":{"line":240,"column":42},"end":{"line":240,"column":43}},"loc":{"start":{"line":240,"column":48},"end":{"line":244,"column":3}},"line":240},"14":{"name":"(anonymous_14)","decl":{"start":{"line":246,"column":41},"end":{"line":246,"column":42}},"loc":{"start":{"line":246,"column":47},"end":{"line":248,"column":3}},"line":246},"15":{"name":"(anonymous_15)","decl":{"start":{"line":298,"column":23},"end":{"line":298,"column":24}},"loc":{"start":{"line":298,"column":29},"end":{"line":298,"column":31}},"line":298},"16":{"name":"(anonymous_16)","decl":{"start":{"line":331,"column":23},"end":{"line":331,"column":24}},"loc":{"start":{"line":331,"column":29},"end":{"line":331,"column":55}},"line":331},"17":{"name":"(anonymous_17)","decl":{"start":{"line":340,"column":23},"end":{"line":340,"column":24}},"loc":{"start":{"line":340,"column":29},"end":{"line":340,"column":54}},"line":340},"18":{"name":"(anonymous_18)","decl":{"start":{"line":351,"column":23},"end":{"line":351,"column":24}},"loc":{"start":{"line":351,"column":29},"end":{"line":351,"column":31}},"line":351},"19":{"name":"(anonymous_19)","decl":{"start":{"line":358,"column":23},"end":{"line":358,"column":24}},"loc":{"start":{"line":358,"column":29},"end":{"line":358,"column":31}},"line":358},"20":{"name":"(anonymous_20)","decl":{"start":{"line":390,"column":17},"end":{"line":390,"column":18}},"loc":{"start":{"line":390,"column":23},"end":{"line":390,"column":49}},"line":390},"21":{"name":"(anonymous_21)","decl":{"start":{"line":394,"column":18},"end":{"line":394,"column":19}},"loc":{"start":{"line":394,"column":33},"end":{"line":401,"column":9}},"line":394},"22":{"name":"(anonymous_22)","decl":{"start":{"line":411,"column":17},"end":{"line":411,"column":18}},"loc":{"start":{"line":411,"column":23},"end":{"line":411,"column":50}},"line":411},"23":{"name":"(anonymous_23)","decl":{"start":{"line":415,"column":18},"end":{"line":415,"column":19}},"loc":{"start":{"line":415,"column":27},"end":{"line":415,"column":46}},"line":415}},"branchMap":{"0":{"loc":{"start":{"line":20,"column":2},"end":{"line":20,"column":16}},"type":"default-arg","locations":[{"start":{"line":20,"column":11},"end":{"line":20,"column":16}}],"line":20},"1":{"loc":{"start":{"line":32,"column":14},"end":{"line":32,"column":39}},"type":"binary-expr","locations":[{"start":{"line":32,"column":14},"end":{"line":32,"column":22}},{"start":{"line":32,"column":26},"end":{"line":32,"column":39}}],"line":32},"2":{"loc":{"start":{"line":43,"column":7},"end":{"line":47,"column":7}},"type":"binary-expr","locations":[{"start":{"line":43,"column":7},"end":{"line":43,"column":15}},{"start":{"line":44,"column":8},"end":{"line":46,"column":15}}],"line":43},"3":{"loc":{"start":{"line":49,"column":5},"end":{"line":49,"column":95}},"type":"binary-expr","locations":[{"start":{"line":49,"column":5},"end":{"line":49,"column":17}},{"
[...]
:{"start":{"line":120,"column":19},"end":{"line":128,"column":1}},"4":{"start":{"line":122,"column":22},"end":{"line":122,"column":36}},"5":{"start":{"line":123,"column":12},"end":{"line":123,"column":75}},"6":{"start":{"line":124,"column":2},"end":{"line":126,"column":3}},"7":{"start":{"line":125,"column":4},"end":{"line":125,"column":27}},"8":{"start":{"line":127,"column":2},"end":{"line":127,"column":13}},"9":{"start":{"line":130,"column":12},"end":{"line":137,"column":2}},"10":{"start":{"line":139,"column":0},"end":{"line":162,"column":2}},"11":{"start":{"line":141,"column":4},"end":{"line":141,"column":99}},"12":{"start":{"line":142,"column":4},"end":{"line":155,"column":5}},"13":{"start":{"line":143,"column":18},"end":{"line":143,"column":22}},"14":{"start":{"line":144,"column":6},"end":{"line":148,"column":7}},"15":{"start":{"line":145,"column":8},"end":{"line":145,"column":46}},"16":{"start":{"line":147,"column":8},"end":{"line":147,"column":56}},"17":{"start":{"line":150,"column":6},"end":{"line":152,"column":7}},"18":{"start":{"line":151,"column":8},"end":{"line":151,"column":57}},"19":{"start":{"line":154,"column":6},"end":{"line":154,"column":56}},"20":{"start":{"line":156,"column":4},"end":{"line":156,"column":18}},"21":{"start":{"line":159,"column":4},"end":{"line":159,"column":50}},"22":{"start":{"line":160,"column":4},"end":{"line":160,"column":33}},"23":{"start":{"line":164,"column":0},"end":{"line":256,"column":2}},"24":{"start":{"line":167,"column":4},"end":{"line":187,"column":18}},"25":{"start":{"line":168,"column":23},"end":{"line":168,"column":116}},"26":{"start":{"line":169,"column":6},"end":{"line":186,"column":7}},"27":{"start":{"line":170,"column":20},"end":{"line":170,"column":39}},"28":{"start":{"line":171,"column":8},"end":{"line":173,"column":9}},"29":{"start":{"line":172,"column":10},"end":{"line":172,"column":108}},"30":{"start":{"line":174,"column":8},"end":{"line":179,"column":9}},"31":{"start":{"line":175,"column":10},"end":{"line":178,"column":12}},"32":{"start":{"line":180,"column":8},"end":{"line":182,"column":9}},"33":{"start":{"line":181,"column":10},"end":{"line":181,"column":70}},"34":{"start":{"line":183,"column":8},"end":{"line":185,"column":9}},"35":{"start":{"line":184,"column":10},"end":{"line":184,"column":58}},"36":{"start":{"line":189,"column":4},"end":{"line":189,"column":20}},"37":{"start":{"line":192,"column":22},"end":{"line":192,"column":88}},"38":{"start":{"line":193,"column":4},"end":{"line":195,"column":5}},"39":{"start":{"line":194,"column":6},"end":{"line":194,"column":79}},"40":{"start":{"line":198,"column":4},"end":{"line":249,"column":5}},"41":{"start":{"line":200,"column":21},"end":{"line":200,"column":33}},"42":{"start":{"line":201,"column":6},"end":{"line":246,"column":7}},"43":{"start":{"line":202,"column":8},"end":{"line":202,"column":105}},"44":{"start":{"line":204,"column":20},"end":{"line":204,"column":37}},"45":{"start":{"line":205,"column":24},"end":{"line":205,"column":70}},"46":{"start":{"line":207,"column":8},"end":{"line":207,"column":87}},"47":{"start":{"line":210,"column":8},"end":{"line":245,"column":9}},"48":{"start":{"line":213,"column":26},"end":{"line":213,"column":97}},"49":{"start":{"line":213,"column":47},"end":{"line":213,"column":97}},"50":{"start":{"line":216,"column":10},"end":{"line":219,"column":11}},"51":{"start":{"line":217,"column":12},"end":{"line":217,"column":67}},"52":{"start":{"line":218,"column":12},"end":{"line":218,"column":127}},"53":{"start":{"line":222,"column":10},"end":{"line":225,"column":11}},"54":{"start":{"line":223,"column":12},"end":{"line":223,"column":64}},"55":{"start":{"line":224,"column":12},"end":{"line":224,"column":84}},"56":{"start":{"line":228,"column":10},"end":{"line":231,"column":11}},"57":{"start":{"line":229,"column":12},"end":{"line":229,"column":64}},"58":{"start":{"line":230,"column":12},"end":{"line":230,"column":244}},"59":{"start":{"line":232,"column":10},"end":{"line":235,"column":11}},"60":{"start":{"line":233,"column":12},"end":{"line":233,"column":65}},"61":{"start":{"line":234,"column":12},"end":{"line":234,"column":62}},"62":{"start":{"line":236,"column":10},"end":{"line":239,"column":11}},"63":{"start":{"line":237,"column":12},"end":{"line":237,"column":66}},"64":{"start":{"line":238,"column":12},"end":{"line":238,"column":99}},"65":{"start":{"line":240,"column":10},"end":{"line":244,"column":11}},"66":{"start":{"line":241,"column":13},"end":{"line":241,"column":73}},"67":{"start":{"line":242,"column":13},"end":{"line":242,"column":104}},"68":{"start":{"line":242,"column":43},"end":{"line":242,"column":104}},"69":{"start":{"line":243,"column":13},"end":{"line":243,"column":76}},"70":{"start":{"line":248,"column":6},"end":{"line":248,"column":61}},"71":{"start":{"line":251,"column":4},"end":{"line":253,"column":5}},"72":{"start":{"line":254,"column":4},"end":{"line":254,"column":33}},"73":{"start":{"line":259,"column":22},"end":{"line":271,"column":1}},"74":{"start":{"line":260,"column":2},"end":{"line":270,"column":3}},"75":{"start":{"line":261,"column":4},"end":{"line":267,"column":5}},"76":{"start":{"line":262,"column":6},"end":{"line":262,"column":39}},"77":{"start":{"line":263,"column":6},"end":{"line":263,"column":38}},"78":{"start":{"line":265,"column":6},"end":{"line":265,"column":49}},"79":{"start":{"line":266,"column":6},"end":{"line":266,"column":48}},"80":{"start":{"line":269,"column":4},"end":{"line":269,"column":51}},"81":{"start":{"line":274,"column":21},"end":{"line":275,"column":106}},"82":{"start":{"line":275,"column":2},"end":{"line":275,"column":106}},"83":{"start":{"line":277,"column":32},"end":{"line":278,"column":50}},"84":{"start":{"line":278,"column":2},"end":{"line":278,"column":50}},"85":{"start":{"line":280,"column":28},"end":{"line":281,"column":40}},"86":{"start":{"line":281,"column":2},"end":{"line":281,"column":40}},"87":{"start":{"line":283,"column":27},"end":{"line":284,"column":53}},"88":{"start":{"line":284,"column":2},"end":{"line":284,"column":53}},"89":{"start":{"line":287,"column":38},"end":{"line":288,"column":36}},"90":{"start":{"line":288,"column":4},"end":{"line":288,"column":36}},"91":{"start":{"line":290,"column":37},"end":{"line":291,"column":41}},"92":{"start":{"line":291,"column":4},"end":{"line":291,"column":41}},"93":{"start":{"line":293,"column":41},"end":{"line":294,"column":44}},"94":{"start":{"line":294,"column":4},"end":{"line":294,"column":44}},"95":{"start":{"line":296,"column":34},"end":{"line":297,"column":42}},"96":{"start":{"line":297,"column":4},"end":{"line":297,"column":42}},"97":{"start":{"line":300,"column":29},"end":{"line":301,"column":65}},"98":{"start":{"line":301,"column":2},"end":{"line":301,"column":65}},"99":{"start":{"line":303,"column":30},"end":{"line":309,"column":46}},"100":{"start":{"line":309,"column":6},"end":{"line":309,"column":46}},"101":{"start":{"line":312,"column":28},"end":{"line":313,"column":41}},"102":{"start":{"line":313,"column":2},"end":{"line":313,"column":41}},"103":{"start":{"line":315,"column":25},"end":{"line":316,"column":28}},"104":{"start":{"line":316,"column":2},"end":{"line":316,"column":28}},"105":{"start":{"line":318,"column":27},"end":{"line":321,"column":1}},"106":{"start":{"line":319,"column":17},"end":{"line":319,"column":65}},"107":{"start":{"line":320,"column":2},"end":{"line":320,"column":38}},"108":{"start":{"line":323,"column":32},"end":{"line":324,"column":42}},"109":{"start":{"line":324,"column":2},"end":{"line":324,"column":42}}},"fnMap":{"0":{"name":"(anonymous_0)","decl":{"start":{"line":120,"column":19},"end":{"line":120,"column":20}},"loc":{"start":{"line":120,"column":25},"end":{"line":128,"column":1}},"line":120},"1":{"name":"(anonymous_1)","decl":{"start":{"line":140,"column":2},"end":{"line":140,"column":3}},"loc":{"start":{"line":140,"column":20},"end":{"line":157,"column":3}},"line":140},"2":{"name":"(anonymous_2)","decl":{"start":{"line":158,"column":2},"end":{"line":158,"column":3}},"loc":{"start":{"line":158,"column":13},"end":{"line":161,"column":3}},"line":158},"3":{"name":"(anonymous_3)","decl":{"start":{"line":165,"column":2},"end":{"line":165,"column":3}},"loc":{"start":{"line":165,"column":22},"end":{"line":190,"column":3}},"line":165},"4":{"name":"(anonymous_4)","decl":{"start":{"line":191,"column":2},"end":{"line":191,"column":3}},"loc":{"start":{"line":191,"column":19},"end":{"line":255,"column":3}},"line":191},"5":{"name":"(anonymous_5)","decl":{"start":{"line":213,"column":26},"end":{"line":213,"column":27}},"loc":{"start":{"line":213,"column":47},"end":{"line":213,"column":97}},"line":213},"6":{"name":"(anonymous_6)","decl":{"start":{"line":259,"column":22},"end":{"line":259,"column":23}},"loc":{"start":{"line":259,"column":34},"end":{"line":271,"column":1}},"line":259},"7":{"name":"(anonymous_7)","decl":{"start":{"line":274,"column":21},"end":{"line":274,"column":22}},"loc":{"start":{"line":275,"column":2},"end":{"line":275,"column":106}},"line":275},"8":{"name":"(anonymous_8)","decl":{"start":{"line":277,"column":32},"end":{"line":277,"column":33}},"loc":{"start":{"line":278,"column":2},"end":{"line":278,"column":50}},"line":278},"9":{"name":"(anonymous_9)","decl":{"start":{"line":280,"column":28},"end":{"line":280,"column":29}},"loc":{"start":{"line":281,"column":2},"end":{"line":281,"column":40}},"line":281},"10":{"name":"(anonymous_10)","decl":{"start":{"line":283,"column":27},"end":{"line":283,"column":28}},"loc":{"start":{"line":284,"column":2},"end":{"line":284,"column":53}},"line":284},"11":{"name":"(anonymous_11)","decl":{"start":{"line":287,"column":38},"end":{"line":287,"column":39}},"loc":{"start":{"line":288,"column":4},"end":{"line":288,"column":36}},"line":288},"12":{"name":"(anonymous_12)","decl":{"start":{"line":290,"column":37},"end":{"line":290,"column":38}},"loc":{"start":{"line":291,"column":4},"end":{"line":291,"column":41}},"line":291},"13":{"name":"(anonymous_13)","decl":{"start":{"line":293,"column":41},"end":{"line":293,"column":42}},"loc":{"start":{"line":294,"column":4},"end":{"line":294,"column":44}},"line":294},"14":{"name":"(anonymous_14)","decl":{"start":{"line":296,"column":34},"end":{"line":296,"column":35}},"loc":{"start":{"line":297,"column":4},"end":{"line":297,"column":42}},"line":297},"15":{"name":"(anonymous_15)","decl":{"start":{"line":300,"column":29},"end":{"line":300,"column":30}},"loc":{"start":{"line":301,"column":2},"end":{"line":301,"column":65}},"line":301},"16":{"name":"(anonymous_16)","decl":{"start":{"line":303,"column":30},"end":{"line":303,"column":31}},"loc":{"start":{"line":309,"column":6},"end":{"line":309,"column":46}},"line":309},"17":{"name":"(anonymous_17)","decl":{"start":{"line":312,"column":28},"end":{"line":312,"column":29}},"loc":{"start":{"line":313,"column":2},"end":{"line":313,"column":41}},"line":313},"18":{"name":"(anonymous_18)","decl":{"start":{"line":315,"column":25},"end":{"line":315,"column":26}},"loc":{"start":{"line":316,"column":2},"end":{"line":316,"column":28}},"line":316},"19":{"name":"(anonymous_19)","decl":{"start":{"line":318,"column":27},"end":{"line":318,"column":28}},"loc":{"start":{"line":318,"column":61},"end":{"line":321,"column":1}},"line":318},"20":{"name":"(anonymous_20)","decl":{"start":{"line":323,"column":32},"end":{"line":323,"column":33}},"loc":{"start":{"line":324,"column":2},"end":{"line":324,"column":42}},"line":324}},"branchMap":{"0":{"loc":{"start":{"line":123,"column":12},"end":{"line":123,"column":75}},"type":"binary-expr","locations":[{"start":{"line":123,"column":12},"end":{"line":123,"column":43}},{"start":{"line":123,"column":47},"end":{"line":123,"column":75}}],"line":123},"1":{"loc":{"start":{"line":124,"column":2},"end":{"line":126,"column":3}},"type":"if","locations":[{"start":{"line":124,"column":2},"end":{"line":126,"column":3}},{"start":{},"end":{}}],"line":124},"2":{"loc":{"start":{"line":131,"column":11},"end":{"line":131,"column":73}},"type":"cond-expr","locations":[{"start":{"line":131,"column":40},"end":{"line":131,"column":52}},{"start":{"line":131,"column":55},"end":{"line":131,"column":73}}],"line":131},"3":{"loc":{"start":{"line":144,"column":6},"end":{"line":148,"column":7}},"type":"if","locations":[{"start":{"line":144,"column":6},"end":{"line":148,"column":7}},{"start":{"line":146,"column":13},"end":{"line":148,"column":7}}],"line":144},"4":{"loc":{"start":{"line":150,"column":6},"end":{"line":152,"column":7}},"type":"if","locations":[{"start":{"line":150,"column":6},"end":{"line":152,"column":7}},{"start":{},"end":{}}],"line":150},"5":{"loc":{"start":{"line":168,"column":23},"end":{"line":168,"column":116}},"type":"cond-expr","locations":[{"start":{"line":168,"column":47},"end":{"line":168,"column":75}},{"start":{"line":168,"column":78},"end":{"line":168,"column":116}}],"line":168},"6":{"loc":{"start":{"line":169,"column":6},"end":{"line":186,"column":7}},"type":"if","locations":[{"start":{"line":169,"column":6},"end":{"line":186,"column":7}},{"start":{},"end":{}}],"line":169},"7":{"loc":{"start":{"line":169,"column":10},"end":{"line":169,"column":80}},"type":"binary-expr","locations":[{"start":{"line":169,"column":10},"end":{"line":169,"column":18}},{"start":{"line":169,"column":22},"end":{"line":169,"column":80}}],"line":169},"8":{"loc":{"start":{"line":171,"column":8},"end":{"line":173,"column":9}},"type":"if","locations":[{"start":{"line":171,"column":8},"end":{"line":173,"column":9}},{"start":{},"end":{}}],"line":171},"9":{"loc":{"start":{"line":174,"column":8},"end":{"line":179,"column":9}},"type":"if","locations":[{"start":{"line":174,"column":8},"end":{"line":179,"column":9}},{"start":{},"end":{}}],"line":174},"10":{"loc":{"start":{"line":180,"column":8},"end":{"line":182,"column":9}},"type":"if","locations":[{"start":{"line":180,"column":8},"end":{"line":182,"column":9}},{"start":{},"end":{}}],"line":180},"11":{"loc":{"start":{"line":183,"column":8},"end":{"line":185,"column":9}},"type":"if","locations":[{"start":{"line":183,"column":8},"end":{"line":185,"column":9}},{"start":{},"end":{}}],"line":183},"12":{"loc":{"start":{"line":192,"column":22},"end":{"line":192,"column":88}},"type":"binary-expr","locations":[{"start":{"line":192,"column":22},"end":{"line":192,"column":51}},{"start":{"line":192,"column":55},"end":{"line":192,"column":88}}],"line":192},"13":{"loc":{"start":{"line":193,"column":4},"end":{"line":195,"column":5}},"type":"if","locations":[{"start":{"line":193,"column":4},"end":{"line":195,"column":5}},{"start":{},"end":{}}],"line":193},"14":{"loc":{"start":{"line":201,"column":6},"end":{"line":246,"column":7}},"type":"if","locations":[{"start":{"line":201,"column":6},"end":{"line":246,"column":7}},{"start":{"line":203,"column":13},"end":{"line":246,"column":7}}],"line":201},"15":{"loc":{"start":{"line":201,"column":10},"end":{"line":201,"column":31}},"type":"binary-expr","locations":[{"start":{"line":201,"column":10},"end":{"line":201,"column":17}},{"start":{"line":201,"column":21},"end":{"line":201,"column":31}}],"line":201},"16":{"loc":{"start":{"line":204,"column":20},"end":{"line":204,"column":37}},"type":"binary-expr","locations":[{"start":{"line":204,"column":20},"end":{"line":204,"column":31}},{"start":{"line":204,"column":35},"end":{"line":204,"column":37}}],"line":204},"17":{"loc":{"start":{"line":205,"column":24},"end":{"line":205,"column":70}},"type":"cond-expr","locations":[{"start":{"line":205,"column":33},"end":{"line":205,"column":65}},{"start":{"line":205,"column":68},"end":{"line":205,"column":70}}],"line":205},"18":{"loc":{"start":{"line":210,"column":8},"end":{"line":245,"column":9}},"type":"if","locations":[{"start":{"line":210,"column":8},"end":{"line":245,"column":9}},{"start":{},"end":{}}],"line":210},"19":{"loc":{"start":{"line":210,"column":12},"end":{"line":210,"column":88}},"type":"binary-expr","locations":[{"start":{"line":210,"column":12},"end":{"line":210,"column":21}},{"start":{"line":210,"column":25},"end":{"line":210,"column":54}},{"start":{"line":210,"column":58},"end":{"line":210,"column":88}}],"line":210},"20":{"loc":{"start":{"line":213,"column":47},"end":{"line":213,"column":97}},"type":"binary-expr","locations":[{"start":{"line":213,"column":47},"end":{"line":213,"column":68}},{"start":{"line":213,"column":72},"end":{"line":213,"column":97}}],"line":213},"21":{"loc":{"start":{"line":216,"column":10},"end":{"line":219,"column":11}},"type":"if","locations":[{"start":{"line":216,"column":10},"end":{"line":219,"column":11}},{"start":{},"end":{}}],"line":216},"22":{"loc":{"start":{"line":222,"column":10},"end":{"line":225,"column":11}},"type":"if","locations":[{"start":{"line":222,"column":10},"end":{"line":225,"column":11}},{"start":{},"end":{}}],"line":222},"23":{"loc":{"start":{"line":228,"column":10},"end":{"line":231,"column":11}},"type":"if","locations":[{"start":{"line":228,"column":10},"end":{"line":231,"column":11}},{"start":{},"end":{}}],"line":228},"24":{"loc":{"start":{"line":232,"column":10},"end":{"line":235,"column":11}},"type":"if","locations":[{"start":{"line":232,"column":10},"end":{"line":235,"column":11}},{"start":{},"end":{}}],"line":232},"25":{"loc":{"start":{"line":236,"column":10},"end":{"line":239,"column":11}},"type":"if","locations":[{"start":{"line":236,"column":10},"end":{"line":239,"column":11}},{"start":{},"end":{}}],"line":236},"26":{"loc":{"start":{"line":240,"column":10},"end":{"line":244,"column":11}},"type":"if","locations":[{"start":{"line":240,"column":10},"end":{"line":244,"column":11}},{"start":{},"end":{}}],"line":240},"27":{"loc":{"start":{"line":242,"column":13},"end":{"line":242,"column":104}},"type":"if","locations":[{"start":{"line":242,"column":13},"end":{"line":242,"column":104}},{"start":{},"end":{}}],"line":242},"28":{"loc":{"start":{"line":251,"column":4},"end":{"line":253,"column":5}},"type":"if","locations":[{"start":{"line":251,"column":4},"end":{"line":253,"column":5}},{"start":{},"end":{}}],"line":251},"29":{"loc":{"start":{"line":261,"column":4},"end":{"line":267,"column":5}},"type":"if","locations":[{"start":{"line":261,"column":4},"end":{"line":267,"column":5}},{"start":{"line":264,"column":11},"end":{"line":267,"column":5}}],"line":261},"30":{"loc":{"start":{"line":319,"column":17},"end":{"line":319,"column":65}},"type":"cond-expr","locations":[{"start":{"line":319,"column":32},"end":{"line":319,"column":60}},{"start":{"line":319,"column":63},"end":{"line":319,"column":65}}],"line":319},"31":{"loc":{"start":{"line":319,"column":17},"end":{"line":319,"column":29}},"type":"binary-expr","locations":[{"start":{"line":319,"column":17},"end":{"line":319,"column":22}},{"start":{"line":319,"column":26},"end":{"line":319,"column":29}}],"line":319}},"s":{"0":0,"1":0,"2":0,"3":0,"4":0,"5":0,"6":0,"7":0,"8":0,"9":0,"10":0,"11":0,"12":0,"13":0,"14":0,"15":0,"16":0,"17":0,"18":0,"19":0,"20":0,"21":0,"22":0,"23":0,"24":0,"25":0,"26":0,"27":0,"28":0,"29":0,"30":0,"31":0,"32":0,"33":0,"34":0,"35":0,"36":0,"37":0,"38":0,"39":0,"40":0,"41":0,"42":0,"43":0,"44":0,"45":0,"46":0,"47":0,"48":0,"49":0,"50":0,"51":0,"52":0,"53":0,"54":0,"55":0,"56":0,"57":0,"58":0,"59":0,"60":0,"61":0,"62":0,"63":0,"64":0,"65":0,"66":0,"67":0,"68":0,"69":0,"70":0,"71":0,"72":0,"73":0,"74":0,"75":0,"76":0,"77":0,"78":0,"79":0,"80":0,"81":0,"82":0,"83":0,"84":0,"85":0,"86":0,"87":0,"88":0,"89":0,"90":0,"91":0,"92":0,"93":0,"94":0,"95":0,"96":0,"97":0,"98":0,"99":0,"100":0,"101":0,"102":0,"103":0,"104":0,"105":0,"106":0,"107":0,"108":0,"109":0},"f":{"0":0,"1":0,"2":0,"3":0,"4":0,"5":0,"6":0,"7":0,"8":0,"9":0,"10":0,"11":0,"12":0,"13":0,"14":0,"15":0,"16":0,"17":0,"18":0,"19":0,"20":0},"b":{"0":[0,0],"1":[0,0],"2":[0,0],"3":[0,0],"4":[0,0],"5":[0,0],"6":[0,0],"7":[0,0],"8":[0,0],"9":[0,0],"10":[0,0],"11":[0,0],"12":[0,0],"13":[0,0],"14":[0,0],"15":[0,0],"16":[0,0],"17":[0,0],"18":[0,0],"19":[0,0,0],"20":[0,0],"21":[0,0],"22":[0,0],"23":[0,0],"24":[0,0],"25":[0,0],"26":[0,0],"27":[0,0],"28":[0,0],"29":[0,0],"30":[0,0],"31":[0,0]}}
}
